#
# A fatal error has been detected by the Java Runtime Environment:
#
#  SIGSEGV (0xb) at pc=0x000000010b3148b5, pid=49539, tid=0x000000000000e117
#
# JRE version: Java(TM) SE Runtime Environment (8.0_121-b13) (build 1.8.0_121-b13)
# Java VM: Java HotSpot(TM) 64-Bit Server VM (25.121-b13 mixed mode bsd-amd64 compressed oops)
# Problematic frame:
# V  [libjvm.dylib+0x3148b5]  jni_GetObjectClass+0x65
#
# Failed to write core dump. Core dumps have been disabled. To enable core dumping, try "ulimit -c unlimited" before starting Java again
#
# If you would like to submit a bug report, please visit:
#   http://bugreport.java.com/bugreport/crash.jsp
#

---------------  T H R E A D  ---------------

Current thread (0x00007fd9423ef800):  JavaThread "AWT-EventQueue-0" [_thread_in_vm, id=57623, stack(0x000070000ff13000,0x0000700010013000)]

siginfo: si_signo: 11 (SIGSEGV), si_code: 1 (SEGV_MAPERR), si_addr: 0x0000000000000000

Registers:
RAX=0x000000010b8e6e24, RBX=0x0000000000000000, RCX=0x000000010b822370, RDX=0x0000000000000004
RSP=0x0000700010010240, RBP=0x0000700010010290, RSI=0x0000000000000000, RDI=0x00007fd9423ef9f8
R8 =0x0000000000000012, R9 =0x000000079a6aa628, R10=0x00000000000001da, R11=0x000000010b8f1e80
R12=0x0000000000000000, R13=0x000000016a06ed10, R14=0x00007fd9423ef9f8, R15=0x00007fd9423ef800
RIP=0x000000010b3148b5, EFLAGS=0x0000000000010202, ERR=0x0000000000000004
  TRAPNO=0x000000000000000e

Top of Stack: (sp=0x0000700010010240)
0x0000700010010240:   00007000100103b8 00007fd9423ef800
0x0000700010010250:   0000000000000000 0000000160025c99
0x0000700010010260:   00007000100103b8 00007fd9423ef800
0x0000700010010270:   00007fd9423ef800 000000016a06ed10
0x0000700010010280:   00007000100103b8 00007fd9423ef800
0x0000700010010290:   00007000100102c0 00000001600283b2
0x00007000100102a0:   00007fd94532f600 000000010b314850
0x00007000100102b0:   0000000000000000 00007fd9423ef9f8
0x00007000100102c0:   0000700010010330 0000000160026c2b
0x00007000100102d0:   00007fd9423ef800 000000016a06ed10
0x00007000100102e0:   00007fd9423ef9f8 000000016a06ed10
0x00007000100102f0:   00007fd9423ef800 000000016a06ed10
0x0000700010010300:   00007fd94532f600 0000000000000000
0x0000700010010310:   00007000100103b8 00007fd9423ef9f8
0x0000700010010320:   0000700010010390 0000000116cd4892
0x0000700010010330:   0000700010010390 0000000116cd49f4
0x0000700010010340:   0000000116ce0223 0000000116cd4742
0x0000700010010350:   0000700010010350 000000016a06ed10
0x0000700010010360:   00007000100103b8 000000016a0803d0
0x0000700010010370:   0000000000000000 000000016a06ed10
0x0000700010010380:   0000000000000000 00007000100103b0
0x0000700010010390:   0000700010010400 0000000116cc52bd
0x00007000100103a0:   0000000000000000 0000000116cce538
0x00007000100103b0:   0000000000000000 000000079a6aa628
0x00007000100103c0:   00007000100103c0 0000000129ffeac8
0x00007000100103d0:   0000700010010410 0000000129ffeb38
0x00007000100103e0:   0000000000000000 0000000129ffeae0
0x00007000100103f0:   00007000100103b0 0000700010010410
0x0000700010010400:   0000700010010458 0000000116cc52bd
0x0000700010010410:   0000000740d80a38 0000700010010418
0x0000700010010420:   0000000129f4dd7f 0000700010010470
0x0000700010010430:   0000000129f4de60 0000000000000000 

Instructions: (pc=0x000000010b3148b5)
0x000000010b314895:   74 09 48 8d 7d b8 e8 2e 41 1a 00 4c 89 f7 48 89
0x000000010b3148a5:   de 90 0f 1f 40 00 48 8d 05 72 25 5d 00 80 38 00
0x000000010b3148b5:   48 8b 03 74 15 48 8d 15 df 91 52 00 8a 4a 08 8b
0x000000010b3148c5:   40 08 48 d3 e0 48 03 02 eb 04 48 8b 40 08 48 8b 

Register to memory mapping:

RAX=0x000000010b8e6e24: UseCompressedClassPointers+0 in /Library/Java/JavaVirtualMachines/jdk1.8.0_121.jdk/Contents/Home/jre/lib/server/libjvm.dylib at 0x000000010b000000
RBX=0x0000000000000000 is an unknown value
RCX=0x000000010b822370: UseMembar+0 in /Library/Java/JavaVirtualMachines/jdk1.8.0_121.jdk/Contents/Home/jre/lib/server/libjvm.dylib at 0x000000010b000000
RDX=0x0000000000000004 is an unknown value
RSP=0x0000700010010240 is pointing into the stack for thread: 0x00007fd9423ef800
RBP=0x0000700010010290 is pointing into the stack for thread: 0x00007fd9423ef800
RSI=0x0000000000000000 is an unknown value
RDI=0x00007fd9423ef9f8 is an unknown value
R8 =0x0000000000000012 is an unknown value
R9 =0x000000079a6aa628 is an oop
com.thalmic.myo.Hub 
 - klass: 'com/thalmic/myo/Hub'
R10=0x00000000000001da is an unknown value
R11=0x000000010b8f1e80: _ZN20SafepointSynchronize18_safepoint_counterE+0 in /Library/Java/JavaVirtualMachines/jdk1.8.0_121.jdk/Contents/Home/jre/lib/server/libjvm.dylib at 0x000000010b000000
R12=0x0000000000000000 is an unknown value
R13={method} {0x000000016a06ed10} 'removeListener' '(Lcom/thalmic/myo/DeviceListener;)V' in 'com/thalmic/myo/Hub'
R14=0x00007fd9423ef9f8 is an unknown value
R15=0x00007fd9423ef800 is a thread


Stack: [0x000070000ff13000,0x0000700010013000],  sp=0x0000700010010240,  free space=1012k
Native frames: (J=compiled Java code, j=interpreted, Vv=VM code, C=native code)
V  [libjvm.dylib+0x3148b5]  jni_GetObjectClass+0x65
C  [libmyo.jnilib+0x43b2]  JNIEnv_::GetObjectClass(_jobject*)+0x32
C  [libmyo.jnilib+0x2c2b]  Java_com_thalmic_myo_Hub_removeListener+0x4b
j  com.thalmic.myo.Hub.removeListener(Lcom/thalmic/myo/DeviceListener;)V+0
j  urssimulationmapinterface.MyoData.stopMyo()V+8
j  urssimulationmapinterface.URSSimulationMapInterface$AppFrame$4.keyReleased(Ljava/awt/event/KeyEvent;)V+191
j  gov.nasa.worldwind.awt.AWTInputHandler.callKeyReleasedListeners(Ljava/awt/event/KeyEvent;)V+34
j  gov.nasa.worldwind.awt.AWTInputHandler.keyReleased(Ljava/awt/event/KeyEvent;)V+15
j  java.awt.Component.processKeyEvent(Ljava/awt/event/KeyEvent;)V+62
J 4637 C1 java.awt.Component.processEvent(Ljava/awt/AWTEvent;)V (220 bytes) @ 0x0000000117af36e4 [0x0000000117af2140+0x15a4]
J 4578 C1 java.awt.Component.dispatchEventImpl(Ljava/awt/AWTEvent;)V (883 bytes) @ 0x0000000117a90684 [0x0000000117a8b140+0x5544]
J 2389 C1 java.awt.Component.dispatchEvent(Ljava/awt/AWTEvent;)V (6 bytes) @ 0x0000000117500c44 [0x0000000117500b40+0x104]
j  java.awt.KeyboardFocusManager.redispatchEvent(Ljava/awt/Component;Ljava/awt/AWTEvent;)V+7
j  java.awt.DefaultKeyboardFocusManager.dispatchKeyEvent(Ljava/awt/event/KeyEvent;)Z+63
j  java.awt.DefaultKeyboardFocusManager.preDispatchKeyEvent(Ljava/awt/event/KeyEvent;)Z+137
j  java.awt.DefaultKeyboardFocusManager.typeAheadAssertions(Ljava/awt/Component;Ljava/awt/AWTEvent;)Z+166
J 4626 C1 java.awt.DefaultKeyboardFocusManager.dispatchEvent(Ljava/awt/AWTEvent;)Z (1589 bytes) @ 0x0000000117ae2354 [0x0000000117ad1700+0x10c54]
J 4578 C1 java.awt.Component.dispatchEventImpl(Ljava/awt/AWTEvent;)V (883 bytes) @ 0x0000000117a8c90c [0x0000000117a8b140+0x17cc]
J 4445 C1 java.awt.EventQueue.dispatchEventImpl(Ljava/awt/AWTEvent;Ljava/lang/Object;)V (149 bytes) @ 0x0000000117588bec [0x0000000117587380+0x186c]
J 4443 C1 java.awt.EventQueue$3.run()Ljava/lang/Void; (60 bytes) @ 0x000000011758ab14 [0x000000011758a900+0x214]
J 4442 C1 java.awt.EventQueue$3.run()Ljava/lang/Object; (5 bytes) @ 0x000000011758b20c [0x000000011758b180+0x8c]
v  ~StubRoutines::call_stub
V  [libjvm.dylib+0x2ed9d6]  JavaCalls::call_helper(JavaValue*, methodHandle*, JavaCallArguments*, Thread*)+0x6ae
V  [libjvm.dylib+0x34e114]  JVM_DoPrivileged+0x4b8
J 1175  java.security.AccessController.doPrivileged(Ljava/security/PrivilegedAction;Ljava/security/AccessControlContext;)Ljava/lang/Object; (0 bytes) @ 0x0000000117130e15 [0x0000000117130d40+0xd5]
J 4432 C1 java.awt.EventQueue$4.run()Ljava/lang/Object; (5 bytes) @ 0x000000011737f12c [0x000000011737ed00+0x42c]
v  ~StubRoutines::call_stub
V  [libjvm.dylib+0x2ed9d6]  JavaCalls::call_helper(JavaValue*, methodHandle*, JavaCallArguments*, Thread*)+0x6ae
V  [libjvm.dylib+0x34e114]  JVM_DoPrivileged+0x4b8
J 1175  java.security.AccessController.doPrivileged(Ljava/security/PrivilegedAction;Ljava/security/AccessControlContext;)Ljava/lang/Object; (0 bytes) @ 0x0000000117130e15 [0x0000000117130d40+0xd5]
J 3884 C1 java.awt.EventQueue.dispatchEvent(Ljava/awt/AWTEvent;)V (80 bytes) @ 0x000000011789bf34 [0x000000011789b080+0xeb4]
J 3917 C1 java.awt.EventDispatchThread.pumpOneEventForFilters(I)V (295 bytes) @ 0x00000001178b6b94 [0x00000001178b4ec0+0x1cd4]
j  java.awt.EventDispatchThread.pumpEventsForFilter(ILjava/awt/Conditional;Ljava/awt/EventFilter;)V+35
j  java.awt.EventDispatchThread.pumpEventsForHierarchy(ILjava/awt/Conditional;Ljava/awt/Component;)V+11
j  java.awt.EventDispatchThread.pumpEvents(ILjava/awt/Conditional;)V+4
j  java.awt.EventDispatchThread.pumpEvents(Ljava/awt/Conditional;)V+3
j  java.awt.EventDispatchThread.run()V+9
v  ~StubRoutines::call_stub
V  [libjvm.dylib+0x2ed9d6]  JavaCalls::call_helper(JavaValue*, methodHandle*, JavaCallArguments*, Thread*)+0x6ae
V  [libjvm.dylib+0x2ee164]  JavaCalls::call_virtual(JavaValue*, KlassHandle, Symbol*, Symbol*, JavaCallArguments*, Thread*)+0x164
V  [libjvm.dylib+0x2ee310]  JavaCalls::call_virtual(JavaValue*, Handle, KlassHandle, Symbol*, Symbol*, Thread*)+0x4a
V  [libjvm.dylib+0x348a5d]  thread_entry(JavaThread*, Thread*)+0x7c
V  [libjvm.dylib+0x56ab0f]  JavaThread::thread_main_inner()+0x9b
V  [libjvm.dylib+0x56c1fc]  JavaThread::run()+0x1c2
V  [libjvm.dylib+0x48a5b2]  java_start(Thread*)+0xf6
C  [libsystem_pthread.dylib+0x3305]  _pthread_body+0x7e
C  [libsystem_pthread.dylib+0x626f]  _pthread_start+0x46
C  [libsystem_pthread.dylib+0x2415]  thread_start+0xd
C  0x0000000000000000

Java frames: (J=compiled Java code, j=interpreted, Vv=VM code)
j  com.thalmic.myo.Hub.removeListener(Lcom/thalmic/myo/DeviceListener;)V+0
j  urssimulationmapinterface.MyoData.stopMyo()V+8
j  urssimulationmapinterface.URSSimulationMapInterface$AppFrame$4.keyReleased(Ljava/awt/event/KeyEvent;)V+191
j  gov.nasa.worldwind.awt.AWTInputHandler.callKeyReleasedListeners(Ljava/awt/event/KeyEvent;)V+34
j  gov.nasa.worldwind.awt.AWTInputHandler.keyReleased(Ljava/awt/event/KeyEvent;)V+15
j  java.awt.Component.processKeyEvent(Ljava/awt/event/KeyEvent;)V+62
J 4637 C1 java.awt.Component.processEvent(Ljava/awt/AWTEvent;)V (220 bytes) @ 0x0000000117af36e4 [0x0000000117af2140+0x15a4]
J 4578 C1 java.awt.Component.dispatchEventImpl(Ljava/awt/AWTEvent;)V (883 bytes) @ 0x0000000117a90684 [0x0000000117a8b140+0x5544]
J 2389 C1 java.awt.Component.dispatchEvent(Ljava/awt/AWTEvent;)V (6 bytes) @ 0x0000000117500c44 [0x0000000117500b40+0x104]
j  java.awt.KeyboardFocusManager.redispatchEvent(Ljava/awt/Component;Ljava/awt/AWTEvent;)V+7
j  java.awt.DefaultKeyboardFocusManager.dispatchKeyEvent(Ljava/awt/event/KeyEvent;)Z+63
j  java.awt.DefaultKeyboardFocusManager.preDispatchKeyEvent(Ljava/awt/event/KeyEvent;)Z+137
j  java.awt.DefaultKeyboardFocusManager.typeAheadAssertions(Ljava/awt/Component;Ljava/awt/AWTEvent;)Z+166
J 4626 C1 java.awt.DefaultKeyboardFocusManager.dispatchEvent(Ljava/awt/AWTEvent;)Z (1589 bytes) @ 0x0000000117ae2354 [0x0000000117ad1700+0x10c54]
J 4578 C1 java.awt.Component.dispatchEventImpl(Ljava/awt/AWTEvent;)V (883 bytes) @ 0x0000000117a8c90c [0x0000000117a8b140+0x17cc]
J 4445 C1 java.awt.EventQueue.dispatchEventImpl(Ljava/awt/AWTEvent;Ljava/lang/Object;)V (149 bytes) @ 0x0000000117588bec [0x0000000117587380+0x186c]
J 4443 C1 java.awt.EventQueue$3.run()Ljava/lang/Void; (60 bytes) @ 0x000000011758ab14 [0x000000011758a900+0x214]
J 4442 C1 java.awt.EventQueue$3.run()Ljava/lang/Object; (5 bytes) @ 0x000000011758b20c [0x000000011758b180+0x8c]
v  ~StubRoutines::call_stub
J 1175  java.security.AccessController.doPrivileged(Ljava/security/PrivilegedAction;Ljava/security/AccessControlContext;)Ljava/lang/Object; (0 bytes) @ 0x0000000117130da3 [0x0000000117130d40+0x63]
J 4432 C1 java.awt.EventQueue$4.run()Ljava/lang/Object; (5 bytes) @ 0x000000011737f12c [0x000000011737ed00+0x42c]
v  ~StubRoutines::call_stub
J 1175  java.security.AccessController.doPrivileged(Ljava/security/PrivilegedAction;Ljava/security/AccessControlContext;)Ljava/lang/Object; (0 bytes) @ 0x0000000117130da3 [0x0000000117130d40+0x63]
J 3884 C1 java.awt.EventQueue.dispatchEvent(Ljava/awt/AWTEvent;)V (80 bytes) @ 0x000000011789bf34 [0x000000011789b080+0xeb4]
J 3917 C1 java.awt.EventDispatchThread.pumpOneEventForFilters(I)V (295 bytes) @ 0x00000001178b6b94 [0x00000001178b4ec0+0x1cd4]
j  java.awt.EventDispatchThread.pumpEventsForFilter(ILjava/awt/Conditional;Ljava/awt/EventFilter;)V+35
j  java.awt.EventDispatchThread.pumpEventsForHierarchy(ILjava/awt/Conditional;Ljava/awt/Component;)V+11
j  java.awt.EventDispatchThread.pumpEvents(ILjava/awt/Conditional;)V+4
j  java.awt.EventDispatchThread.pumpEvents(Ljava/awt/Conditional;)V+3
j  java.awt.EventDispatchThread.run()V+9
v  ~StubRoutines::call_stub

---------------  P R O C E S S  ---------------

Java Threads: ( => current thread )
  0x00007fd943774000 JavaThread "Idle World Wind Task " daemon [_thread_blocked, id=65027, stack(0x000070001082e000,0x000070001092e000)]
  0x00007fd943369800 JavaThread "Idle World Wind Task " daemon [_thread_blocked, id=64771, stack(0x0000700010628000,0x0000700010728000)]
  0x00007fd9431e0000 JavaThread "Idle World Wind Task " daemon [_thread_blocked, id=67075, stack(0x0000700010525000,0x0000700010625000)]
  0x00007fd94271b000 JavaThread "Idle World Wind Task " daemon [_thread_blocked, id=68635, stack(0x0000700010422000,0x0000700010522000)]
  0x00007fd94273a800 JavaThread "Idle World Wind Task " daemon [_thread_blocked, id=63775, stack(0x000070001031f000,0x000070001041f000)]
  0x00007fd9426b4000 JavaThread "Grizzly-worker(1)" daemon [_thread_blocked, id=64267, stack(0x000070001021c000,0x000070001031c000)]
  0x00007fd942198800 JavaThread "Grizzly-kernel(1) SelectorRunner" daemon [_thread_in_native, id=58479, stack(0x0000700010119000,0x0000700010219000)]
  0x00007fd943008000 JavaThread "DestroyJavaVM" [_thread_blocked, id=9987, stack(0x000070000e6b6000,0x000070000e7b6000)]
  0x00007fd943b78800 JavaThread "Keep-Alive-Timer" daemon [_thread_blocked, id=69387, stack(0x0000700010dc0000,0x0000700010ec0000)]
  0x00007fd943b59000 JavaThread "Thread-12" daemon [_thread_blocked, id=70659, stack(0x0000700010a34000,0x0000700010b34000)]
  0x00007fd942460800 JavaThread "TimerQueue" daemon [_thread_blocked, id=70919, stack(0x0000700010931000,0x0000700010a31000)]
=>0x00007fd9423ef800 JavaThread "AWT-EventQueue-0" [_thread_in_vm, id=57623, stack(0x000070000ff13000,0x0000700010013000)]
  0x00007fd9422b0800 JavaThread "Java2D Disposer" daemon [_thread_blocked, id=78855, stack(0x000070000f86f000,0x000070000f96f000)]
  0x00007fd9432eb000 JavaThread "Java2D Queue Flusher" daemon [_thread_blocked, id=80663, stack(0x000070000f76c000,0x000070000f86c000)]
  0x00007fd9438ab800 JavaThread "AWT-Shutdown" [_thread_blocked, id=41219, stack(0x000070000f4e0000,0x000070000f5e0000)]
  0x00007fd943247800 JavaThread "AWT-AppKit" daemon [_thread_in_native, id=775, stack(0x00007ffee4c7f000,0x00007ffee547f000)]
  0x00007fd94286b000 JavaThread "Service Thread" daemon [_thread_blocked, id=15107, stack(0x000070000f2da000,0x000070000f3da000)]
  0x00007fd943814000 JavaThread "C1 CompilerThread2" daemon [_thread_blocked, id=18947, stack(0x000070000f1d7000,0x000070000f2d7000)]
  0x00007fd943813000 JavaThread "C2 CompilerThread1" daemon [_thread_blocked, id=14851, stack(0x000070000f0d4000,0x000070000f1d4000)]
  0x00007fd94380d800 JavaThread "C2 CompilerThread0" daemon [_thread_blocked, id=19459, stack(0x000070000efd1000,0x000070000f0d1000)]
  0x00007fd94380c800 JavaThread "Signal Dispatcher" daemon [_thread_blocked, id=14083, stack(0x000070000eece000,0x000070000efce000)]
  0x00007fd942851000 JavaThread "Finalizer" daemon [_thread_blocked, id=12547, stack(0x000070000edcb000,0x000070000eecb000)]
  0x00007fd943014000 JavaThread "Reference Handler" daemon [_thread_blocked, id=21251, stack(0x000070000ecc8000,0x000070000edc8000)]

Other Threads:
  0x00007fd943011800 VMThread [stack: 0x000070000ebc5000,0x000070000ecc5000] [id=12035]
  0x00007fd943046800 WatcherThread [stack: 0x000070000f3dd000,0x000070000f4dd000] [id=15363]

VM state:not at safepoint (normal execution)

VM Mutex/Monitor currently owned by a thread: None

Heap:
 PSYoungGen      total 222720K, used 109764K [0x0000000795580000, 0x00000007a9680000, 0x00000007c0000000)
  eden space 212480K, 51% used [0x0000000795580000,0x000000079c0b10b8,0x00000007a2500000)
  from space 10240K, 0% used [0x00000007a2500000,0x00000007a2500000,0x00000007a2f00000)
  to   space 14336K, 0% used [0x00000007a8880000,0x00000007a8880000,0x00000007a9680000)
 ParOldGen       total 74752K, used 20383K [0x0000000740000000, 0x0000000744900000, 0x0000000795580000)
  object space 74752K, 27% used [0x0000000740000000,0x00000007413e7c60,0x0000000744900000)
 Metaspace       used 35486K, capacity 35795K, committed 36184K, reserved 1081344K
  class space    used 3944K, capacity 4041K, committed 4096K, reserved 1048576K

Card table byte_map: [0x000000010c3ab000,0x000000010c7ac000] byte_map_base: 0x00000001089ab000

Marking Bits: (ParMarkBitMap*) 0x000000010b8f0d30
 Begin Bits: [0x000000010ca57000, 0x000000010ea57000)
 End Bits:   [0x000000010ea57000, 0x0000000110a57000)

Polling page: 0x000000010a7ef000

CodeCache: size=245760Kb used=16126Kb max_used=16126Kb free=229634Kb
 bounds [0x0000000116cbd000, 0x0000000117c9d000, 0x0000000125cbd000]
 total_blobs=5626 nmethods=4599 adapters=939
 compilation: enabled

Compilation events (10 events):
Event: 10.511 Thread 0x00007fd943814000 5033       3       java.util.concurrent.locks.ReentrantLock::newCondition (8 bytes)
Event: 10.511 Thread 0x00007fd943814000 nmethod 5033 0x0000000117c84950 code [0x0000000117c84ac0, 0x0000000117c84e30]
Event: 10.511 Thread 0x00007fd943814000 5034       3       java.util.concurrent.locks.ReentrantLock$Sync::newCondition (9 bytes)
Event: 10.511 Thread 0x00007fd943814000 nmethod 5034 0x0000000117c7cad0 code [0x0000000117c7cc40, 0x0000000117c7ceb0]
Event: 10.561 Thread 0x00007fd943814000 5035       3       java.util.PriorityQueue::siftUpComparable (61 bytes)
Event: 10.562 Thread 0x00007fd943814000 nmethod 5035 0x0000000117c83d10 code [0x0000000117c83ec0, 0x0000000117c84608]
Event: 10.562 Thread 0x00007fd943814000 5036  s    3       java.io.BufferedOutputStream::flush (12 bytes)
Event: 10.562 Thread 0x00007fd943814000 nmethod 5036 0x0000000117c8e410 code [0x0000000117c8e5a0, 0x0000000117c8ea98]
Event: 10.564 Thread 0x00007fd943814000 5037       3       java.awt.Color::testColorValueRange (186 bytes)
Event: 10.566 Thread 0x00007fd943814000 nmethod 5037 0x0000000117c8ec10 code [0x0000000117c8efc0, 0x0000000117c91198]

GC Heap History (10 events):
Event: 2.306 GC heap before
{Heap before GC invocations=7 (full 1):
 PSYoungGen      total 71680K, used 66560K [0x0000000795580000, 0x000000079e680000, 0x00000007c0000000)
  eden space 66560K, 100% used [0x0000000795580000,0x0000000799680000,0x0000000799680000)
  from space 5120K, 0% used [0x0000000799680000,0x0000000799680000,0x0000000799b80000)
  to   space 7680K, 0% used [0x000000079df00000,0x000000079df00000,0x000000079e680000)
 ParOldGen       total 45568K, used 4944K [0x0000000740000000, 0x0000000742c80000, 0x0000000795580000)
  object space 45568K, 10% used [0x0000000740000000,0x00000007404d4330,0x0000000742c80000)
 Metaspace       used 21392K, capacity 21605K, committed 21888K, reserved 1069056K
  class space    used 2262K, capacity 2344K, committed 2432K, reserved 1048576K
Event: 2.308 GC heap after
Heap after GC invocations=7 (full 1):
 PSYoungGen      total 120832K, used 475K [0x0000000795580000, 0x000000079df80000, 0x00000007c0000000)
  eden space 120320K, 0% used [0x0000000795580000,0x0000000795580000,0x000000079cb00000)
  from space 512K, 92% used [0x000000079df00000,0x000000079df76de0,0x000000079df80000)
  to   space 8192K, 0% used [0x000000079cf80000,0x000000079cf80000,0x000000079d780000)
 ParOldGen       total 45568K, used 4952K [0x0000000740000000, 0x0000000742c80000, 0x0000000795580000)
  object space 45568K, 10% used [0x0000000740000000,0x00000007404d6330,0x0000000742c80000)
 Metaspace       used 21392K, capacity 21605K, committed 21888K, reserved 1069056K
  class space    used 2262K, capacity 2344K, committed 2432K, reserved 1048576K
}
Event: 2.473 GC heap before
{Heap before GC invocations=8 (full 1):
 PSYoungGen      total 120832K, used 120795K [0x0000000795580000, 0x000000079df80000, 0x00000007c0000000)
  eden space 120320K, 100% used [0x0000000795580000,0x000000079cb00000,0x000000079cb00000)
  from space 512K, 92% used [0x000000079df00000,0x000000079df76de0,0x000000079df80000)
  to   space 8192K, 0% used [0x000000079cf80000,0x000000079cf80000,0x000000079d780000)
 ParOldGen       total 45568K, used 4952K [0x0000000740000000, 0x0000000742c80000, 0x0000000795580000)
  object space 45568K, 10% used [0x0000000740000000,0x00000007404d6330,0x0000000742c80000)
 Metaspace       used 22273K, capacity 22583K, committed 22784K, reserved 1069056K
  class space    used 2356K, capacity 2449K, committed 2560K, reserved 1048576K
Event: 2.477 GC heap after
Heap after GC invocations=8 (full 1):
 PSYoungGen      total 133120K, used 1844K [0x0000000795580000, 0x00000007a3700000, 0x00000007c0000000)
  eden space 124928K, 0% used [0x0000000795580000,0x0000000795580000,0x000000079cf80000)
  from space 8192K, 22% used [0x000000079cf80000,0x000000079d14d188,0x000000079d780000)
  to   space 8192K, 0% used [0x00000007a2f00000,0x00000007a2f00000,0x00000007a3700000)
 ParOldGen       total 45568K, used 4960K [0x0000000740000000, 0x0000000742c80000, 0x0000000795580000)
  object space 45568K, 10% used [0x0000000740000000,0x00000007404d8330,0x0000000742c80000)
 Metaspace       used 22273K, capacity 22583K, committed 22784K, reserved 1069056K
  class space    used 2356K, capacity 2449K, committed 2560K, reserved 1048576K
}
Event: 4.679 GC heap before
{Heap before GC invocations=9 (full 1):
 PSYoungGen      total 133120K, used 126772K [0x0000000795580000, 0x00000007a3700000, 0x00000007c0000000)
  eden space 124928K, 100% used [0x0000000795580000,0x000000079cf80000,0x000000079cf80000)
  from space 8192K, 22% used [0x000000079cf80000,0x000000079d14d188,0x000000079d780000)
  to   space 8192K, 0% used [0x00000007a2f00000,0x00000007a2f00000,0x00000007a3700000)
 ParOldGen       total 45568K, used 4960K [0x0000000740000000, 0x0000000742c80000, 0x0000000795580000)
  object space 45568K, 10% used [0x0000000740000000,0x00000007404d8330,0x0000000742c80000)
 Metaspace       used 31306K, capacity 31697K, committed 31872K, reserved 1077248K
  class space    used 3558K, capacity 3680K, committed 3712K, reserved 1048576K
Event: 4.689 GC heap after
Heap after GC invocations=9 (full 1):
 PSYoungGen      total 220672K, used 8184K [0x0000000795580000, 0x00000007a3d80000, 0x00000007c0000000)
  eden space 212480K, 0% used [0x0000000795580000,0x0000000795580000,0x00000007a2500000)
  from space 8192K, 99% used [0x00000007a2f00000,0x00000007a36fe058,0x00000007a3700000)
  to   space 10240K, 0% used [0x00000007a2500000,0x00000007a2500000,0x00000007a2f00000)
 ParOldGen       total 45568K, used 5616K [0x0000000740000000, 0x0000000742c80000, 0x0000000795580000)
  object space 45568K, 12% used [0x0000000740000000,0x000000074057c3e8,0x0000000742c80000)
 Metaspace       used 31306K, capacity 31697K, committed 31872K, reserved 1077248K
  class space    used 3558K, capacity 3680K, committed 3712K, reserved 1048576K
}
Event: 6.822 GC heap before
{Heap before GC invocations=10 (full 1):
 PSYoungGen      total 220672K, used 134146K [0x0000000795580000, 0x00000007a3d80000, 0x00000007c0000000)
  eden space 212480K, 59% used [0x0000000795580000,0x000000079d082a50,0x00000007a2500000)
  from space 8192K, 99% used [0x00000007a2f00000,0x00000007a36fe058,0x00000007a3700000)
  to   space 10240K, 0% used [0x00000007a2500000,0x00000007a2500000,0x00000007a2f00000)
 ParOldGen       total 45568K, used 5616K [0x0000000740000000, 0x0000000742c80000, 0x0000000795580000)
  object space 45568K, 12% used [0x0000000740000000,0x000000074057c3e8,0x0000000742c80000)
 Metaspace       used 34816K, capacity 35091K, committed 35416K, reserved 1081344K
  class space    used 3896K, capacity 3977K, committed 4096K, reserved 1048576K
Event: 6.835 GC heap after
Heap after GC invocations=10 (full 1):
 PSYoungGen      total 222720K, used 10230K [0x0000000795580000, 0x00000007a9680000, 0x00000007c0000000)
  eden space 212480K, 0% used [0x0000000795580000,0x0000000795580000,0x00000007a2500000)
  from space 10240K, 99% used [0x00000007a2500000,0x00000007a2efdb70,0x00000007a2f00000)
  to   space 14336K, 0% used [0x00000007a8880000,0x00000007a8880000,0x00000007a9680000)
 ParOldGen       total 45568K, used 12466K [0x0000000740000000, 0x0000000742c80000, 0x0000000795580000)
  object space 45568K, 27% used [0x0000000740000000,0x0000000740c2ca10,0x0000000742c80000)
 Metaspace       used 34816K, capacity 35091K, committed 35416K, reserved 1081344K
  class space    used 3896K, capacity 3977K, committed 4096K, reserved 1048576K
}
Event: 6.835 GC heap before
{Heap before GC invocations=11 (full 2):
 PSYoungGen      total 222720K, used 10230K [0x0000000795580000, 0x00000007a9680000, 0x00000007c0000000)
  eden space 212480K, 0% used [0x0000000795580000,0x0000000795580000,0x00000007a2500000)
  from space 10240K, 99% used [0x00000007a2500000,0x00000007a2efdb70,0x00000007a2f00000)
  to   space 14336K, 0% used [0x00000007a8880000,0x00000007a8880000,0x00000007a9680000)
 ParOldGen       total 45568K, used 12466K [0x0000000740000000, 0x0000000742c80000, 0x0000000795580000)
  object space 45568K, 27% used [0x0000000740000000,0x0000000740c2ca10,0x0000000742c80000)
 Metaspace       used 34816K, capacity 35091K, committed 35416K, reserved 1081344K
  class space    used 3896K, capacity 3977K, committed 4096K, reserved 1048576K
Event: 6.881 GC heap after
Heap after GC invocations=11 (full 2):
 PSYoungGen      total 222720K, used 0K [0x0000000795580000, 0x00000007a9680000, 0x00000007c0000000)
  eden space 212480K, 0% used [0x0000000795580000,0x0000000795580000,0x00000007a2500000)
  from space 10240K, 0% used [0x00000007a2500000,0x00000007a2500000,0x00000007a2f00000)
  to   space 14336K, 0% used [0x00000007a8880000,0x00000007a8880000,0x00000007a9680000)
 ParOldGen       total 74752K, used 20383K [0x0000000740000000, 0x0000000744900000, 0x0000000795580000)
  object space 74752K, 27% used [0x0000000740000000,0x00000007413e7c60,0x0000000744900000)
 Metaspace       used 34816K, capacity 35091K, committed 35416K, reserved 1081344K
  class space    used 3896K, capacity 3977K, committed 4096K, reserved 1048576K
}

Deoptimization events (10 events):
Event: 5.412 Thread 0x00007fd943369800 Uncommon trap: reason=unstable_if action=reinterpret pc=0x00000001173f5e7c method=com.sun.org.apache.xerces.internal.impl.io.UTF8Reader.read([CII)I @ 131
Event: 5.413 Thread 0x00007fd943369800 Uncommon trap: reason=unstable_if action=reinterpret pc=0x00000001173c71d4 method=com.sun.org.apache.xerces.internal.impl.io.UTF8Reader.read([CII)I @ 131
Event: 5.446 Thread 0x00007fd94271b000 Uncommon trap: reason=unstable_if action=reinterpret pc=0x0000000117402300 method=com.sun.org.apache.xerces.internal.impl.XMLEntityScanner.peekChar()I @ 14
Event: 6.644 Thread 0x00007fd9423ef800 Uncommon trap: reason=unstable_if action=reinterpret pc=0x00000001179e85c8 method=gov.nasa.worldwind.render.SurfaceObjectTileBuilder.addIntersectingObjects(Lgov/nasa/worldwind/render/DrawContext;Lgov/nasa/worldwind/render/SurfaceObjectTileBuilder$SurfaceO
Event: 6.730 Thread 0x00007fd9423ef800 Uncommon trap: reason=unstable_if action=reinterpret pc=0x00000001177f1d94 method=gov.nasa.worldwind.geom.Angle.equals(Ljava/lang/Object;)Z @ 38
Event: 6.886 Thread 0x00007fd942851000 Uncommon trap: reason=unstable_if action=reinterpret pc=0x0000000116ecae74 method=java.util.WeakHashMap.expungeStaleEntries()V @ 9
Event: 7.406 Thread 0x00007fd9423ef800 Uncommon trap: reason=predicate action=maybe_recompile pc=0x00000001173824e0 method=java.util.TimSort.binarySort([Ljava/lang/Object;IIILjava/util/Comparator;)V @ 76
Event: 8.568 Thread 0x00007fd9423ef800 Uncommon trap: reason=unstable_if action=reinterpret pc=0x00000001170e8c84 method=java.nio.Buffer.limit(I)Ljava/nio/Buffer; @ 33
Event: 8.605 Thread 0x00007fd9426b4000 Uncommon trap: reason=unstable_if action=reinterpret pc=0x00000001174e2ad8 method=java.math.BigDecimal.<init>([CIILjava/math/MathContext;)V @ 169
Event: 10.499 Thread 0x00007fd94245a800 Uncommon trap: reason=unstable_if action=reinterpret pc=0x00000001174c50bc method=java.util.logging.Logger.isLoggable(Ljava/util/logging/Level;)Z @ 8

Internal exceptions (10 events):
Event: 4.541 Thread 0x00007fd9423ef800 Exception <a 'java/lang/ArrayIndexOutOfBoundsException'> (0x000000079c4b3d38) thrown at [/Users/java_re/workspace/8-2-build-macosx-x86_64/jdk8u121/8372/hotspot/src/share/vm/runtime/sharedRuntime.cpp, line 605]
Event: 4.541 Thread 0x00007fd9423ef800 Exception <a 'java/lang/ArrayIndexOutOfBoundsException'> (0x000000079c4b5668) thrown at [/Users/java_re/workspace/8-2-build-macosx-x86_64/jdk8u121/8372/hotspot/src/share/vm/runtime/sharedRuntime.cpp, line 605]
Event: 4.542 Thread 0x00007fd9423ef800 Exception <a 'java/lang/ArrayIndexOutOfBoundsException'> (0x000000079c4bc568) thrown at [/Users/java_re/workspace/8-2-build-macosx-x86_64/jdk8u121/8372/hotspot/src/share/vm/runtime/sharedRuntime.cpp, line 605]
Event: 4.542 Thread 0x00007fd9423ef800 Exception <a 'java/lang/ArrayIndexOutOfBoundsException'> (0x000000079c4bd790) thrown at [/Users/java_re/workspace/8-2-build-macosx-x86_64/jdk8u121/8372/hotspot/src/share/vm/runtime/sharedRuntime.cpp, line 605]
Event: 4.542 Thread 0x00007fd9423ef800 Exception <a 'java/lang/ArrayIndexOutOfBoundsException'> (0x000000079c4bec28) thrown at [/Users/java_re/workspace/8-2-build-macosx-x86_64/jdk8u121/8372/hotspot/src/share/vm/runtime/sharedRuntime.cpp, line 605]
Event: 4.542 Thread 0x00007fd9423ef800 Exception <a 'java/lang/ArrayIndexOutOfBoundsException'> (0x000000079c4c00f0) thrown at [/Users/java_re/workspace/8-2-build-macosx-x86_64/jdk8u121/8372/hotspot/src/share/vm/runtime/sharedRuntime.cpp, line 605]
Event: 4.542 Thread 0x00007fd9423ef800 Exception <a 'java/lang/ArrayIndexOutOfBoundsException'> (0x000000079c4c14d8) thrown at [/Users/java_re/workspace/8-2-build-macosx-x86_64/jdk8u121/8372/hotspot/src/share/vm/runtime/sharedRuntime.cpp, line 605]
Event: 4.695 Thread 0x00007fd942851000 Exception <a 'java/lang/NullPointerException'> (0x0000000795877788) thrown at [/Users/java_re/workspace/8-2-build-macosx-x86_64/jdk8u121/8372/hotspot/src/share/vm/interpreter/linkResolver.cpp, line 1178]
Event: 4.914 Thread 0x00007fd9423ef800 Implicit null exception at 0x00000001174aa450 to 0x00000001174aa4ac
Event: 10.498 Thread 0x00007fd94245a800 Exception <a 'java/net/SocketTimeoutException': connect timed out> (0x000000079c058898) thrown at [/Users/java_re/workspace/8-2-build-macosx-x86_64/jdk8u121/8372/hotspot/src/share/vm/prims/jni.cpp, line 735]

Events (10 events):
Event: 10.562 loading class javax/swing/JComponent$IntVector
Event: 10.563 loading class javax/swing/JComponent$IntVector done
Event: 10.563 loading class javax/swing/KeyboardManager
Event: 10.563 loading class javax/swing/KeyboardManager done
Event: 10.563 loading class javax/swing/Popup$HeavyWeightWindow
Event: 10.563 loading class sun/awt/ModalExclude
Event: 10.563 loading class sun/awt/ModalExclude done
Event: 10.563 loading class javax/swing/JWindow
Event: 10.564 loading class javax/swing/JWindow done
Event: 10.564 loading class javax/swing/Popup$HeavyWeightWindow done


Dynamic libraries:
0x0000000019f78000 	/System/Library/Frameworks/Cocoa.framework/Versions/A/Cocoa
0x0000000019f78000 	/System/Library/Frameworks/Security.framework/Versions/A/Security
0x0000000019f78000 	/System/Library/Frameworks/ApplicationServices.framework/Versions/A/ApplicationServices
0x0000000019f78000 	/usr/lib/libz.1.dylib
0x0000000019f78000 	/usr/lib/libSystem.B.dylib
0x0000000019f78000 	/usr/lib/libobjc.A.dylib
0x0000000019f78000 	/System/Library/Frameworks/CoreFoundation.framework/Versions/A/CoreFoundation
0x0000000019f78000 	/System/Library/Frameworks/Foundation.framework/Versions/C/Foundation
0x0000000019f78000 	/System/Library/Frameworks/AppKit.framework/Versions/C/AppKit
0x0000000019f78000 	/System/Library/Frameworks/CoreData.framework/Versions/A/CoreData
0x0000000019f78000 	/System/Library/PrivateFrameworks/RemoteViewServices.framework/Versions/A/RemoteViewServices
0x0000000019f78000 	/System/Library/PrivateFrameworks/UIFoundation.framework/Versions/A/UIFoundation
0x0000000019f78000 	/System/Library/PrivateFrameworks/XCTTargetBootstrap.framework/Versions/A/XCTTargetBootstrap
0x0000000019f78000 	/System/Library/PrivateFrameworks/IconServices.framework/Versions/A/IconServices
0x0000000019f78000 	/System/Library/Frameworks/Metal.framework/Versions/A/Metal
0x0000000019f78000 	/System/Library/PrivateFrameworks/DesktopServicesPriv.framework/Versions/A/DesktopServicesPriv
0x0000000019f78000 	/usr/lib/libenergytrace.dylib
0x0000000019f78000 	/System/Library/PrivateFrameworks/SkyLight.framework/Versions/A/SkyLight
0x0000000019f78000 	/System/Library/Frameworks/CoreGraphics.framework/Versions/A/CoreGraphics
0x0000000019f78000 	/System/Library/Frameworks/Accelerate.framework/Versions/A/Accelerate
0x0000000019f78000 	/System/Library/Frameworks/IOSurface.framework/Versions/A/IOSurface
0x0000000019f78000 	/System/Library/PrivateFrameworks/DFRFoundation.framework/Versions/A/DFRFoundation
0x0000000019f78000 	/System/Library/Frameworks/AudioToolbox.framework/Versions/A/AudioToolbox
0x0000000019f78000 	/System/Library/Frameworks/AudioUnit.framework/Versions/A/AudioUnit
0x0000000019f78000 	/System/Library/PrivateFrameworks/DataDetectorsCore.framework/Versions/A/DataDetectorsCore
0x0000000019f78000 	/System/Library/Frameworks/Carbon.framework/Versions/A/Frameworks/HIToolbox.framework/Versions/A/HIToolbox
0x0000000019f78000 	/usr/lib/libicucore.A.dylib
0x0000000019f78000 	/System/Library/Frameworks/QuartzCore.framework/Versions/A/QuartzCore
0x0000000019f78000 	/System/Library/Frameworks/Carbon.framework/Versions/A/Frameworks/SpeechRecognition.framework/Versions/A/SpeechRecognition
0x0000000019f78000 	/usr/lib/libauto.dylib
0x0000000019f78000 	/usr/lib/libxml2.2.dylib
0x0000000019f78000 	/System/Library/PrivateFrameworks/CoreUI.framework/Versions/A/CoreUI
0x0000000019f78000 	/System/Library/Frameworks/CoreAudio.framework/Versions/A/CoreAudio
0x0000000019f78000 	/System/Library/Frameworks/DiskArbitration.framework/Versions/A/DiskArbitration
0x0000000019f78000 	/usr/lib/liblangid.dylib
0x0000000019f78000 	/System/Library/PrivateFrameworks/MultitouchSupport.framework/Versions/A/MultitouchSupport
0x0000000019f78000 	/System/Library/Frameworks/IOKit.framework/Versions/A/IOKit
0x0000000019f78000 	/usr/lib/libDiagnosticMessagesClient.dylib
0x0000000019f78000 	/System/Library/Frameworks/CoreServices.framework/Versions/A/CoreServices
0x0000000019f78000 	/System/Library/PrivateFrameworks/PerformanceAnalysis.framework/Versions/A/PerformanceAnalysis
0x0000000019f78000 	/System/Library/Frameworks/OpenGL.framework/Versions/A/OpenGL
0x0000000019f78000 	/System/Library/Frameworks/ColorSync.framework/Versions/A/ColorSync
0x0000000019f78000 	/System/Library/Frameworks/CoreImage.framework/Versions/A/CoreImage
0x0000000019f78000 	/System/Library/Frameworks/CoreText.framework/Versions/A/CoreText
0x0000000019f78000 	/System/Library/Frameworks/ImageIO.framework/Versions/A/ImageIO
0x0000000019f78000 	/System/Library/PrivateFrameworks/Backup.framework/Versions/A/Backup
0x0000000019f78000 	/usr/lib/libarchive.2.dylib
0x0000000019f78000 	/System/Library/Frameworks/CFNetwork.framework/Versions/A/CFNetwork
0x0000000019f78000 	/System/Library/Frameworks/SystemConfiguration.framework/Versions/A/SystemConfiguration
0x0000000019f78000 	/usr/lib/libCRFSuite.dylib
0x0000000019f78000 	/usr/lib/libc++.1.dylib
0x0000000019f78000 	/usr/lib/libc++abi.dylib
0x0000000019f78000 	/usr/lib/system/libcache.dylib
0x0000000019f78000 	/usr/lib/system/libcommonCrypto.dylib
0x0000000019f78000 	/usr/lib/system/libcompiler_rt.dylib
0x0000000019f78000 	/usr/lib/system/libcopyfile.dylib
0x0000000019f78000 	/usr/lib/system/libcorecrypto.dylib
0x0000000019f78000 	/usr/lib/system/libdispatch.dylib
0x0000000019f78000 	/usr/lib/system/libdyld.dylib
0x0000000019f78000 	/usr/lib/system/libkeymgr.dylib
0x0000000019f78000 	/usr/lib/system/liblaunch.dylib
0x0000000019f78000 	/usr/lib/system/libmacho.dylib
0x0000000019f78000 	/usr/lib/system/libquarantine.dylib
0x0000000019f78000 	/usr/lib/system/libremovefile.dylib
0x0000000019f78000 	/usr/lib/system/libsystem_asl.dylib
0x0000000019f78000 	/usr/lib/system/libsystem_blocks.dylib
0x0000000019f78000 	/usr/lib/system/libsystem_c.dylib
0x0000000019f78000 	/usr/lib/system/libsystem_configuration.dylib
0x0000000019f78000 	/usr/lib/system/libsystem_coreservices.dylib
0x0000000019f78000 	/usr/lib/system/libsystem_darwin.dylib
0x0000000019f78000 	/usr/lib/system/libsystem_dnssd.dylib
0x0000000019f78000 	/usr/lib/system/libsystem_info.dylib
0x0000000019f78000 	/usr/lib/system/libsystem_m.dylib
0x0000000019f78000 	/usr/lib/system/libsystem_malloc.dylib
0x0000000019f78000 	/usr/lib/system/libsystem_networkextension.dylib
0x0000000019f78000 	/usr/lib/system/libsystem_notify.dylib
0x0000000019f78000 	/usr/lib/system/libsystem_sandbox.dylib
0x0000000019f78000 	/usr/lib/system/libsystem_secinit.dylib
0x0000000019f78000 	/usr/lib/system/libsystem_kernel.dylib
0x0000000019f78000 	/usr/lib/system/libsystem_platform.dylib
0x0000000019f78000 	/usr/lib/system/libsystem_pthread.dylib
0x0000000019f78000 	/usr/lib/system/libsystem_symptoms.dylib
0x0000000019f78000 	/usr/lib/system/libsystem_trace.dylib
0x0000000019f78000 	/usr/lib/system/libunwind.dylib
0x0000000019f78000 	/usr/lib/system/libxpc.dylib
0x0000000019f78000 	/usr/lib/libbsm.0.dylib
0x0000000019f78000 	/usr/lib/system/libkxld.dylib
0x0000000019f78000 	/System/Library/PrivateFrameworks/AppleFSCompression.framework/Versions/A/AppleFSCompression
0x0000000019f78000 	/usr/lib/libOpenScriptingUtil.dylib
0x0000000019f78000 	/usr/lib/libcoretls.dylib
0x0000000019f78000 	/usr/lib/libcoretls_cfhelpers.dylib
0x0000000019f78000 	/usr/lib/libpam.2.dylib
0x0000000019f78000 	/usr/lib/libsqlite3.dylib
0x0000000019f78000 	/usr/lib/libxar.1.dylib
0x0000000019f78000 	/usr/lib/libbz2.1.0.dylib
0x0000000019f78000 	/usr/lib/liblzma.5.dylib
0x0000000019f78000 	/usr/lib/libnetwork.dylib
0x0000000019f78000 	/usr/lib/libapple_nghttp2.dylib
0x0000000019f78000 	/usr/lib/libpcap.A.dylib
0x0000000019f78000 	/System/Library/Frameworks/CoreServices.framework/Versions/A/Frameworks/FSEvents.framework/Versions/A/FSEvents
0x0000000019f78000 	/System/Library/Frameworks/CoreServices.framework/Versions/A/Frameworks/CarbonCore.framework/Versions/A/CarbonCore
0x0000000019f78000 	/System/Library/Frameworks/CoreServices.framework/Versions/A/Frameworks/Metadata.framework/Versions/A/Metadata
0x0000000019f78000 	/System/Library/Frameworks/CoreServices.framework/Versions/A/Frameworks/OSServices.framework/Versions/A/OSServices
0x0000000019f78000 	/System/Library/Frameworks/CoreServices.framework/Versions/A/Frameworks/SearchKit.framework/Versions/A/SearchKit
0x0000000019f78000 	/System/Library/Frameworks/CoreServices.framework/Versions/A/Frameworks/AE.framework/Versions/A/AE
0x0000000019f78000 	/System/Library/Frameworks/CoreServices.framework/Versions/A/Frameworks/LaunchServices.framework/Versions/A/LaunchServices
0x0000000019f78000 	/System/Library/Frameworks/CoreServices.framework/Versions/A/Frameworks/DictionaryServices.framework/Versions/A/DictionaryServices
0x0000000019f78000 	/System/Library/Frameworks/CoreServices.framework/Versions/A/Frameworks/SharedFileList.framework/Versions/A/SharedFileList
0x0000000019f78000 	/System/Library/Frameworks/NetFS.framework/Versions/A/NetFS
0x0000000019f78000 	/System/Library/PrivateFrameworks/NetAuth.framework/Versions/A/NetAuth
0x0000000019f78000 	/System/Library/PrivateFrameworks/login.framework/Versions/A/Frameworks/loginsupport.framework/Versions/A/loginsupport
0x0000000019f78000 	/System/Library/PrivateFrameworks/TCC.framework/Versions/A/TCC
0x0000000019f78000 	/System/Library/PrivateFrameworks/CoreNLP.framework/Versions/A/CoreNLP
0x0000000019f78000 	/System/Library/PrivateFrameworks/MetadataUtilities.framework/Versions/A/MetadataUtilities
0x0000000019f78000 	/usr/lib/libmecabra.dylib
0x0000000019f78000 	/System/Library/Frameworks/ApplicationServices.framework/Versions/A/Frameworks/ATS.framework/Versions/A/ATS
0x0000000019f78000 	/System/Library/Frameworks/ApplicationServices.framework/Versions/A/Frameworks/ColorSyncLegacy.framework/Versions/A/ColorSyncLegacy
0x0000000019f78000 	/System/Library/Frameworks/ApplicationServices.framework/Versions/A/Frameworks/HIServices.framework/Versions/A/HIServices
0x0000000019f78000 	/System/Library/Frameworks/ApplicationServices.framework/Versions/A/Frameworks/LangAnalysis.framework/Versions/A/LangAnalysis
0x0000000019f78000 	/System/Library/Frameworks/ApplicationServices.framework/Versions/A/Frameworks/PrintCore.framework/Versions/A/PrintCore
0x0000000019f78000 	/System/Library/Frameworks/ApplicationServices.framework/Versions/A/Frameworks/QD.framework/Versions/A/QD
0x0000000019f78000 	/System/Library/Frameworks/ApplicationServices.framework/Versions/A/Frameworks/SpeechSynthesis.framework/Versions/A/SpeechSynthesis
0x0000000019f78000 	/usr/lib/libcompression.dylib
0x0000000019f78000 	/System/Library/Frameworks/CoreDisplay.framework/Versions/A/CoreDisplay
0x0000000019f78000 	/System/Library/Frameworks/MetalPerformanceShaders.framework/Versions/A/MetalPerformanceShaders
0x0000000019f78000 	/System/Library/Frameworks/Accelerate.framework/Versions/A/Frameworks/vImage.framework/Versions/A/vImage
0x0000000019f78000 	/System/Library/Frameworks/Accelerate.framework/Versions/A/Frameworks/vecLib.framework/Versions/A/vecLib
0x0000000019f78000 	/System/Library/Frameworks/Accelerate.framework/Versions/A/Frameworks/vecLib.framework/Versions/A/libvMisc.dylib
0x0000000019f78000 	/System/Library/Frameworks/Accelerate.framework/Versions/A/Frameworks/vecLib.framework/Versions/A/libvDSP.dylib
0x0000000019f78000 	/System/Library/Frameworks/Accelerate.framework/Versions/A/Frameworks/vecLib.framework/Versions/A/libBLAS.dylib
0x0000000019f78000 	/System/Library/Frameworks/Accelerate.framework/Versions/A/Frameworks/vecLib.framework/Versions/A/libLAPACK.dylib
0x0000000019f78000 	/System/Library/Frameworks/Accelerate.framework/Versions/A/Frameworks/vecLib.framework/Versions/A/libLinearAlgebra.dylib
0x0000000019f78000 	/System/Library/Frameworks/Accelerate.framework/Versions/A/Frameworks/vecLib.framework/Versions/A/libSparseBLAS.dylib
0x0000000019f78000 	/System/Library/Frameworks/Accelerate.framework/Versions/A/Frameworks/vecLib.framework/Versions/A/libQuadrature.dylib
0x0000000019f78000 	/System/Library/Frameworks/Accelerate.framework/Versions/A/Frameworks/vecLib.framework/Versions/A/libBNNS.dylib
0x0000000019f78000 	/System/Library/Frameworks/Accelerate.framework/Versions/A/Frameworks/vecLib.framework/Versions/A/libSparse.dylib
0x0000000019f78000 	/System/Library/PrivateFrameworks/GPUWrangler.framework/Versions/A/GPUWrangler
0x0000000019f78000 	/System/Library/PrivateFrameworks/IOAccelerator.framework/Versions/A/IOAccelerator
0x0000000019f78000 	/System/Library/PrivateFrameworks/IOPresentment.framework/Versions/A/IOPresentment
0x0000000019f78000 	/System/Library/PrivateFrameworks/DSExternalDisplay.framework/Versions/A/DSExternalDisplay
0x0000000019f78000 	/System/Library/Frameworks/OpenGL.framework/Versions/A/Libraries/libCoreFSCache.dylib
0x0000000019f78000 	/System/Library/Frameworks/MetalPerformanceShaders.framework/Frameworks/MPSCore.framework/Versions/A/MPSCore
0x0000000019f78000 	/System/Library/Frameworks/MetalPerformanceShaders.framework/Frameworks/MPSImage.framework/Versions/A/MPSImage
0x0000000019f78000 	/System/Library/Frameworks/MetalPerformanceShaders.framework/Frameworks/MPSNeuralNetwork.framework/Versions/A/MPSNeuralNetwork
0x0000000019f78000 	/System/Library/Frameworks/MetalPerformanceShaders.framework/Frameworks/MPSMatrix.framework/Versions/A/MPSMatrix
0x0000000019f78000 	/System/Library/Frameworks/MetalPerformanceShaders.framework/Frameworks/MPSRayIntersector.framework/Versions/A/MPSRayIntersector
0x0000000019f78000 	/System/Library/PrivateFrameworks/MetalTools.framework/Versions/A/MetalTools
0x0000000019f78000 	/System/Library/PrivateFrameworks/AggregateDictionary.framework/Versions/A/AggregateDictionary
0x0000000019f78000 	/usr/lib/libMobileGestalt.dylib
0x0000000019f78000 	/System/Library/Frameworks/CoreVideo.framework/Versions/A/CoreVideo
0x0000000019f78000 	/System/Library/PrivateFrameworks/GraphVisualizer.framework/Versions/A/GraphVisualizer
0x0000000019f78000 	/System/Library/PrivateFrameworks/FaceCore.framework/Versions/A/FaceCore
0x0000000019f78000 	/System/Library/Frameworks/OpenCL.framework/Versions/A/OpenCL
0x0000000019f78000 	/usr/lib/libFosl_dynamic.dylib
0x0000000019f78000 	/System/Library/PrivateFrameworks/OTSVG.framework/Versions/A/OTSVG
0x0000000019f78000 	/System/Library/Frameworks/ApplicationServices.framework/Versions/A/Frameworks/ATS.framework/Versions/A/Resources/libFontParser.dylib
0x0000000019f78000 	/System/Library/Frameworks/ApplicationServices.framework/Versions/A/Frameworks/ATS.framework/Versions/A/Resources/libFontRegistry.dylib
0x0000000019f78000 	/System/Library/Frameworks/ImageIO.framework/Versions/A/Resources/libJPEG.dylib
0x0000000019f78000 	/System/Library/Frameworks/ImageIO.framework/Versions/A/Resources/libTIFF.dylib
0x0000000019f78000 	/System/Library/Frameworks/ImageIO.framework/Versions/A/Resources/libPng.dylib
0x0000000019f78000 	/System/Library/Frameworks/ImageIO.framework/Versions/A/Resources/libGIF.dylib
0x0000000019f78000 	/System/Library/Frameworks/ImageIO.framework/Versions/A/Resources/libJP2.dylib
0x0000000019f78000 	/System/Library/Frameworks/ImageIO.framework/Versions/A/Resources/libRadiance.dylib
0x0000000019f78000 	/System/Library/PrivateFrameworks/AppleJPEG.framework/Versions/A/AppleJPEG
0x0000000019f78000 	/System/Library/Frameworks/OpenGL.framework/Versions/A/Libraries/libGFXShared.dylib
0x0000000019f78000 	/System/Library/Frameworks/OpenGL.framework/Versions/A/Libraries/libGLU.dylib
0x0000000019f78000 	/System/Library/Frameworks/OpenGL.framework/Versions/A/Libraries/libGL.dylib
0x0000000019f78000 	/System/Library/Frameworks/OpenGL.framework/Versions/A/Libraries/libGLImage.dylib
0x0000000019f78000 	/System/Library/Frameworks/OpenGL.framework/Versions/A/Libraries/libCVMSPluginSupport.dylib
0x0000000019f78000 	/System/Library/Frameworks/OpenGL.framework/Versions/A/Libraries/libCoreVMClient.dylib
0x0000000019f78000 	/usr/lib/libcups.2.dylib
0x0000000019f78000 	/System/Library/Frameworks/Kerberos.framework/Versions/A/Kerberos
0x0000000019f78000 	/System/Library/Frameworks/GSS.framework/Versions/A/GSS
0x0000000019f78000 	/usr/lib/libresolv.9.dylib
0x0000000019f78000 	/usr/lib/libiconv.2.dylib
0x0000000019f78000 	/System/Library/PrivateFrameworks/Heimdal.framework/Versions/A/Heimdal
0x0000000019f78000 	/usr/lib/libheimdal-asn1.dylib
0x0000000019f78000 	/System/Library/Frameworks/OpenDirectory.framework/Versions/A/OpenDirectory
0x0000000019f78000 	/System/Library/PrivateFrameworks/CommonAuth.framework/Versions/A/CommonAuth
0x0000000019f78000 	/System/Library/Frameworks/OpenDirectory.framework/Versions/A/Frameworks/CFOpenDirectory.framework/Versions/A/CFOpenDirectory
0x0000000019f78000 	/System/Library/Frameworks/SecurityFoundation.framework/Versions/A/SecurityFoundation
0x0000000019f78000 	/System/Library/PrivateFrameworks/APFS.framework/Versions/A/APFS
0x0000000019f78000 	/usr/lib/libutil.dylib
0x0000000019f78000 	/usr/lib/libcharset.1.dylib
0x0000000019f78000 	/System/Library/PrivateFrameworks/AppleSauce.framework/Versions/A/AppleSauce
0x0000000019f78000 	/System/Library/PrivateFrameworks/AssertionServices.framework/Versions/A/AssertionServices
0x0000000019f78000 	/System/Library/PrivateFrameworks/BaseBoard.framework/Versions/A/BaseBoard
0x0000000019f78000 	/usr/lib/libmecab.1.0.0.dylib
0x0000000019f78000 	/usr/lib/libgermantok.dylib
0x0000000019f78000 	/usr/lib/libThaiTokenizer.dylib
0x0000000019f78000 	/usr/lib/libChineseTokenizer.dylib
0x0000000019f78000 	/System/Library/PrivateFrameworks/LanguageModeling.framework/Versions/A/LanguageModeling
0x0000000019f78000 	/System/Library/PrivateFrameworks/CoreEmoji.framework/Versions/A/CoreEmoji
0x0000000019f78000 	/System/Library/PrivateFrameworks/Lexicon.framework/Versions/A/Lexicon
0x0000000019f78000 	/System/Library/PrivateFrameworks/LinguisticData.framework/Versions/A/LinguisticData
0x0000000019f78000 	/usr/lib/libcmph.dylib
0x0000000019f78000 	/System/Library/Frameworks/ServiceManagement.framework/Versions/A/ServiceManagement
0x0000000019f78000 	/System/Library/PrivateFrameworks/BackgroundTaskManagement.framework/Versions/A/BackgroundTaskManagement
0x0000000019f78000 	/usr/lib/libxslt.1.dylib
0x0000000019f78000 	/System/Library/Frameworks/Carbon.framework/Versions/A/Frameworks/Ink.framework/Versions/A/Ink
0x0000000019f78000 	/System/Library/PrivateFrameworks/TextureIO.framework/Versions/A/TextureIO
0x0000000019f78000 	/usr/lib/libate.dylib
0x0000000019f78000 	/System/Library/PrivateFrameworks/CrashReporterSupport.framework/Versions/A/CrashReporterSupport
0x0000000019f78000 	/System/Library/PrivateFrameworks/Sharing.framework/Versions/A/Sharing
0x0000000019f78000 	/System/Library/PrivateFrameworks/AuthKit.framework/Versions/A/AuthKit
0x0000000019f78000 	/System/Library/PrivateFrameworks/Apple80211.framework/Versions/A/Apple80211
0x0000000019f78000 	/System/Library/PrivateFrameworks/CoreUtils.framework/Versions/A/CoreUtils
0x0000000019f78000 	/System/Library/Frameworks/CoreWLAN.framework/Versions/A/CoreWLAN
0x0000000019f78000 	/System/Library/Frameworks/IOBluetooth.framework/Versions/A/IOBluetooth
0x0000000019f78000 	/System/Library/PrivateFrameworks/ProtocolBuffer.framework/Versions/A/ProtocolBuffer
0x0000000019f78000 	/System/Library/PrivateFrameworks/MobileKeyBag.framework/Versions/A/MobileKeyBag
0x0000000019f78000 	/System/Library/PrivateFrameworks/CorePhoneNumbers.framework/Versions/A/CorePhoneNumbers
0x0000000019f78000 	/System/Library/PrivateFrameworks/AppleIDAuthSupport.framework/Versions/A/AppleIDAuthSupport
0x0000000019f78000 	/System/Library/PrivateFrameworks/KeychainCircle.framework/Versions/A/KeychainCircle
0x0000000019f78000 	/System/Library/PrivateFrameworks/ROCKit.framework/Versions/A/ROCKit
0x0000000019f78000 	/System/Library/PrivateFrameworks/CoreWiFi.framework/Versions/A/CoreWiFi
0x0000000019f78000 	/System/Library/Frameworks/CoreBluetooth.framework/Versions/A/CoreBluetooth
0x0000000019f78000 	/System/Library/PrivateFrameworks/DebugSymbols.framework/Versions/A/DebugSymbols
0x0000000019f78000 	/System/Library/PrivateFrameworks/CoreSymbolication.framework/Versions/A/CoreSymbolication
0x0000000019f78000 	/System/Library/PrivateFrameworks/Symbolication.framework/Versions/A/Symbolication
0x0000000019f78000 	/System/Library/PrivateFrameworks/SpeechRecognitionCore.framework/Versions/A/SpeechRecognitionCore
0x000000010b000000 	/Library/Java/JavaVirtualMachines/jdk1.8.0_121.jdk/Contents/Home/jre/lib/server/libjvm.dylib
0x0000000019f78000 	/usr/lib/libstdc++.6.dylib
0x000000010a7ac000 	/Library/Java/JavaVirtualMachines/jdk1.8.0_121.jdk/Contents/Home/jre/lib/libverify.dylib
0x000000010a7ba000 	/Library/Java/JavaVirtualMachines/jdk1.8.0_121.jdk/Contents/Home/jre/lib/libjava.dylib
0x000000010bfe2000 	/Library/Java/JavaVirtualMachines/jdk1.8.0_121.jdk/Contents/Home/jre/lib/libzip.dylib
0x0000000019f78000 	/System/Library/Frameworks/JavaVM.framework/Versions/A/Frameworks/JavaRuntimeSupport.framework/Versions/A/JavaRuntimeSupport
0x0000000019f78000 	/System/Library/Frameworks/JavaVM.framework/Versions/A/Frameworks/JavaNativeFoundation.framework/Versions/A/JavaNativeFoundation
0x0000000019f78000 	/System/Library/Frameworks/JavaVM.framework/Versions/A/JavaVM
0x0000000019f78000 	/System/Library/Frameworks/Carbon.framework/Versions/A/Carbon
0x0000000019f78000 	/System/Library/PrivateFrameworks/JavaLaunching.framework/Versions/A/JavaLaunching
0x0000000019f78000 	/System/Library/Frameworks/Carbon.framework/Versions/A/Frameworks/CommonPanels.framework/Versions/A/CommonPanels
0x0000000019f78000 	/System/Library/Frameworks/Carbon.framework/Versions/A/Frameworks/Help.framework/Versions/A/Help
0x0000000019f78000 	/System/Library/Frameworks/Carbon.framework/Versions/A/Frameworks/ImageCapture.framework/Versions/A/ImageCapture
0x0000000019f78000 	/System/Library/Frameworks/Carbon.framework/Versions/A/Frameworks/OpenScripting.framework/Versions/A/OpenScripting
0x0000000019f78000 	/System/Library/Frameworks/Carbon.framework/Versions/A/Frameworks/Print.framework/Versions/A/Print
0x0000000019f78000 	/System/Library/Frameworks/Carbon.framework/Versions/A/Frameworks/SecurityHI.framework/Versions/A/SecurityHI
0x00000001146a2000 	/Library/Java/JavaVirtualMachines/jdk1.8.0_121.jdk/Contents/Home/jre/lib/libawt.dylib
0x000000011474a000 	/Library/Java/JavaVirtualMachines/jdk1.8.0_121.jdk/Contents/Home/jre/lib/./libmlib_image.dylib
0x00000001148b3000 	/Library/Java/JavaVirtualMachines/jdk1.8.0_121.jdk/Contents/Home/jre/lib/libawt_lwawt.dylib
0x000000011496a000 	/Library/Java/JavaVirtualMachines/jdk1.8.0_121.jdk/Contents/Home/jre/lib/./libosxapp.dylib
0x0000000019f78000 	/System/Library/Frameworks/ExceptionHandling.framework/Versions/A/ExceptionHandling
0x0000000019f78000 	/System/Library/PrivateFrameworks/CoreServicesInternal.framework/Versions/A/CoreServicesInternal
0x0000000019f78000 	/System/Library/CoreServices/RawCamera.bundle/Contents/MacOS/RawCamera
0x0000000019f78000 	/System/Library/PrivateFrameworks/MobileAsset.framework/Versions/A/MobileAsset
0x0000000019f78000 	/System/Library/PrivateFrameworks/StreamingZip.framework/Versions/A/StreamingZip
0x0000000019f78000 	/System/Library/Frameworks/MediaToolbox.framework/Versions/A/MediaToolbox
0x0000000019f78000 	/System/Library/PrivateFrameworks/CoreAVCHD.framework/Versions/A/CoreAVCHD
0x0000000019f78000 	/System/Library/Frameworks/MediaAccessibility.framework/Versions/A/MediaAccessibility
0x0000000019f78000 	/System/Library/PrivateFrameworks/Mangrove.framework/Versions/A/Mangrove
0x0000000019f78000 	/System/Library/Frameworks/CoreMedia.framework/Versions/A/CoreMedia
0x0000000019f78000 	/System/Library/Frameworks/VideoToolbox.framework/Versions/A/VideoToolbox
0x0000000019f78000 	/System/Library/PrivateFrameworks/CoreAUC.framework/Versions/A/CoreAUC
0x0000000019f78000 	/usr/lib/libspindump.dylib
0x0000000019f78000 	/System/Library/PrivateFrameworks/AppleVA.framework/Versions/A/AppleVA
0x0000000019f78000 	/System/Library/Frameworks/Accelerate.framework/Versions/A/Frameworks/vImage.framework/Versions/A/Libraries/libCGInterfaces.dylib
0x0000000019f78000 	/System/Library/Frameworks/ApplicationServices.framework/Versions/A/Frameworks/ATS.framework/Versions/A/Resources/libTrueTypeScaler.dylib
0x0000000019f78000 	/System/Library/Extensions/AppleIntelSKLGraphicsMTLDriver.bundle/Contents/MacOS/AppleIntelSKLGraphicsMTLDriver
0x0000000019f78000 	/System/Library/PrivateFrameworks/GPUCompiler.framework/Versions/3902/Libraries/libmetal_timestamp.dylib
0x0000000019f78000 	/System/Library/PrivateFrameworks/FamilyControls.framework/Versions/A/FamilyControls
0x0000000019f78000 	/System/Library/PrivateFrameworks/CommerceKit.framework/Versions/A/Frameworks/CommerceCore.framework/Versions/A/CommerceCore
0x0000000019f78000 	/System/Library/PrivateFrameworks/SystemAdministration.framework/Versions/A/SystemAdministration
0x0000000019f78000 	/System/Library/PrivateFrameworks/AppContainer.framework/Versions/A/AppContainer
0x0000000019f78000 	/System/Library/PrivateFrameworks/AppSandbox.framework/Versions/A/AppSandbox
0x0000000019f78000 	/System/Library/PrivateFrameworks/SecCodeWrapper.framework/Versions/A/SecCodeWrapper
0x0000000019f78000 	/usr/lib/libsandbox.1.dylib
0x0000000019f78000 	/usr/lib/libMatch.1.dylib
0x0000000019f78000 	/System/Library/PrivateFrameworks/DiskManagement.framework/Versions/A/DiskManagement
0x0000000019f78000 	/System/Library/Frameworks/DirectoryService.framework/Versions/A/DirectoryService
0x0000000019f78000 	/System/Library/PrivateFrameworks/DiskImages.framework/Versions/A/DiskImages
0x0000000019f78000 	/System/Library/PrivateFrameworks/LoginUIKit.framework/Versions/A/Frameworks/LoginUICore.framework/Versions/A/LoginUICore
0x0000000019f78000 	/usr/lib/libCoreStorage.dylib
0x0000000019f78000 	/usr/lib/libcsfde.dylib
0x0000000019f78000 	/usr/lib/libodfde.dylib
0x0000000019f78000 	/System/Library/PrivateFrameworks/MediaKit.framework/Versions/A/MediaKit
0x0000000019f78000 	/System/Library/Frameworks/DiscRecording.framework/Versions/A/DiscRecording
0x0000000019f78000 	/System/Library/PrivateFrameworks/EFILogin.framework/Versions/A/EFILogin
0x0000000019f78000 	/System/Library/PrivateFrameworks/ProtectedCloudStorage.framework/Versions/A/ProtectedCloudStorage
0x0000000019f78000 	/usr/lib/libcurl.4.dylib
0x0000000019f78000 	/usr/lib/libcrypto.42.dylib
0x0000000019f78000 	/usr/lib/libssl.44.dylib
0x0000000019f78000 	/System/Library/Frameworks/LDAP.framework/Versions/A/LDAP
0x0000000019f78000 	/System/Library/PrivateFrameworks/TrustEvaluationAgent.framework/Versions/A/TrustEvaluationAgent
0x0000000019f78000 	/usr/lib/libsasl2.2.dylib
0x0000000019f78000 	/System/Library/PrivateFrameworks/CoreDaemon.framework/Versions/B/CoreDaemon
0x0000000019f78000 	/System/Library/PrivateFrameworks/AppleSRP.framework/Versions/A/AppleSRP
0x0000000019f78000 	/System/Library/PrivateFrameworks/ViewBridge.framework/Versions/A/ViewBridge
0x000000011456e000 	/usr/lib/libobjc-trampolines.dylib
0x0000000126381000 	/Library/Java/JavaVirtualMachines/jdk1.8.0_121.jdk/Contents/Home/jre/lib/libfontmanager.dylib
0x000000011484a000 	/Library/Java/JavaVirtualMachines/jdk1.8.0_121.jdk/Contents/Home/jre/lib/libosxui.dylib
0x0000000019f78000 	/System/Library/Frameworks/OpenGL.framework/Versions/A/Resources/GLEngine.bundle/GLEngine
0x0000000019f78000 	/System/Library/Frameworks/OpenGL.framework/Versions/A/Libraries/libGLProgrammability.dylib
0x0000000019f78000 	/System/Library/Extensions/AppleIntelSKLGraphicsGLDriver.bundle/Contents/MacOS/AppleIntelSKLGraphicsGLDriver
0x0000000019f78000 	/System/Library/PrivateFrameworks/GPUSupport.framework/Versions/A/Libraries/libGPUSupportMercury.dylib
0x0000000019f78000 	/System/Library/Frameworks/OpenGL.framework/Versions/A/Resources/GLRendererFloat.bundle/GLRendererFloat
0x0000000019f78000 	/System/Library/Frameworks/OpenCL.framework/Versions/A/Libraries/libcldcpuengine.dylib
0x0000000019f78000 	/usr/lib/libcrypto.35.dylib
0x0000000127a6f000 	/Users/ahmedkhalaf/Downloads/LeapDeveloperKit_2.3.1+31549_mac 2/LeapSDK/lib/libLeapJava.dylib
0x0000000127ac8000 	/Users/ahmedkhalaf/Downloads/LeapDeveloperKit_2.3.1+31549_mac 2/LeapSDK/lib/libLeap.dylib
0x0000000127bda000 	/Library/Java/JavaVirtualMachines/jdk1.8.0_121.jdk/Contents/Home/jre/lib/libnet.dylib
0x0000000127bf1000 	/Library/Java/JavaVirtualMachines/jdk1.8.0_121.jdk/Contents/Home/jre/lib/libnio.dylib
0x0000000127c01000 	/private/var/folders/wj/16n869_j6zn8l774thryzgfw0000gn/T/jogamp_0000/file_cache/jln3225580376890852478/jln862786319425705780/libgluegen-rt.jnilib
0x0000000127c05000 	/private/var/folders/wj/16n869_j6zn8l774thryzgfw0000gn/T/jogamp_0000/file_cache/jln3225580376890852478/jln862786319425705780/libnativewindow_awt.jnilib
0x0000000127c08000 	/Library/Java/JavaVirtualMachines/jdk1.8.0_121.jdk/Contents/Home/jre/lib/libjawt.dylib
0x0000000127c0b000 	/private/var/folders/wj/16n869_j6zn8l774thryzgfw0000gn/T/jogamp_0000/file_cache/jln3225580376890852478/jln862786319425705780/libnativewindow_macosx.jnilib
0x00000001280d2000 	/private/var/folders/wj/16n869_j6zn8l774thryzgfw0000gn/T/jogamp_0000/file_cache/jln3225580376890852478/jln862786319425705780/libjogl_desktop.jnilib
0x0000000114a4c000 	/Library/Java/JavaVirtualMachines/jdk1.8.0_121.jdk/Contents/Home/jre/lib/libsunec.dylib
0x0000000019f78000 	/System/Library/PrivateFrameworks/login.framework/Versions/A/login
0x0000000160024000 	/private/var/folders/wj/16n869_j6zn8l774thryzgfw0000gn/T/libmyo.jnilib
0x000000016914a000 	/private/var/folders/wj/16n869_j6zn8l774thryzgfw0000gn/T/myo.framework/Versions/A/myo

VM Arguments:
jvm_args: -Djava.library.path=/Users/ahmedkhalaf/Downloads/LeapDeveloperKit_2.3.1+31549_mac 2/LeapSDK/lib -Dfile.encoding=UTF-8 
java_command: com.pixl.mapinterface.URSSimulationMapInterface
java_class_path (initial): /Library/Java/JavaVirtualMachines/jdk1.8.0_121.jdk/Contents/Home/jre/lib/resources.jar:/Library/Java/JavaVirtualMachines/jdk1.8.0_121.jdk/Contents/Home/jre/lib/rt.jar:/Library/Java/JavaVirtualMachines/jdk1.8.0_121.jdk/Contents/Home/jre/lib/jsse.jar:/Library/Java/JavaVirtualMachines/jdk1.8.0_121.jdk/Contents/Home/jre/lib/jce.jar:/Library/Java/JavaVirtualMachines/jdk1.8.0_121.jdk/Contents/Home/jre/lib/charsets.jar:/Library/Java/JavaVirtualMachines/jdk1.8.0_121.jdk/Contents/Home/jre/lib/jfr.jar:/Library/Java/JavaVirtualMachines/jdk1.8.0_121.jdk/Contents/Home/jre/lib/ext/sunec.jar:/Library/Java/JavaVirtualMachines/jdk1.8.0_121.jdk/Contents/Home/jre/lib/ext/nashorn.jar:/Library/Java/JavaVirtualMachines/jdk1.8.0_121.jdk/Contents/Home/jre/lib/ext/cldrdata.jar:/Library/Java/JavaVirtualMachines/jdk1.8.0_121.jdk/Contents/Home/jre/lib/ext/jfxrt.jar:/Library/Java/JavaVirtualMachines/jdk1.8.0_121.jdk/Contents/Home/jre/lib/ext/dnsns.jar:/Library/Java/JavaVirtualMachines/jdk1.8.0_121.jdk/Contents/Home/jre/lib/ext/localedata.jar:/Library/Java/JavaVirtualMachines/jdk1.8.0_121.jdk/Contents/Home/jre/lib/ext/sunjce_provider.jar:/Library/Java/JavaVirtualMachines/jdk1.8.0_121.jdk/Contents/Home/jre/lib/ext/sunpkcs11.jar:/Library/Java/JavaVirtualMachines/jdk1.8.0_121.jdk/Contents/Home/jre/lib/ext/jaccess.jar:/Library/Java/JavaVirtualMachines/jdk1.8.0_121.jdk/Contents/Home/jre/lib/ext/zipfs.jar:/System/Library/Java/Extensions/MRJToolkit.jar:/Users/ahmedkhalaf/Desktop/URSInterface/URSSimMapInterface/jRosBridge/URSSimulationMapInterface/bin:/Users/ahmedkhalaf/Desktop/URSInterface/URSSimMapInterface/jRosBridge/URSSimulationMapInterface/lib/gdal.jar:/Users/ahmedkhalaf/Desktop/URSInterface/URSSimMapInterface/jRosBridge/URSSimulationMapInterface/lib/gluegen-rt-natives-linux-amd64.jar:/Users/ahmedkhalaf/Desktop/URSInterface/URSSimMapInterface/jRosBridge/URSSimulationMapInterface/lib/gluegen-rt-natives-linux-i586.jar:/Users/ahmedkhalaf/Desktop/URSInterface/URSSimMapInte
Launcher Type: SUN_STANDARD

Environment Variables:
PATH=/usr/bin:/bin:/usr/sbin:/sbin
SHELL=/bin/bash
DISPLAY=/private/tmp/com.apple.launchd.eYR3LHqWqn/org.macosforge.xquartz:0

Signal Handlers:
SIGSEGV: [libjvm.dylib+0x5b1141], sa_mask[0]=11111111011111110111111111111111, sa_flags=SA_ONSTACK|SA_RESTART|SA_SIGINFO
SIGBUS: [libjvm.dylib+0x5b1141], sa_mask[0]=11111111011111110111111111111111, sa_flags=SA_RESTART|SA_SIGINFO
SIGFPE: [libjvm.dylib+0x487bc4], sa_mask[0]=11111111011111110111111111111111, sa_flags=SA_RESTART|SA_SIGINFO
SIGPIPE: [libjvm.dylib+0x487bc4], sa_mask[0]=11111111011111110111111111111111, sa_flags=SA_RESTART|SA_SIGINFO
SIGXFSZ: [libjvm.dylib+0x487bc4], sa_mask[0]=11111111011111110111111111111111, sa_flags=SA_RESTART|SA_SIGINFO
SIGILL: [libjvm.dylib+0x487bc4], sa_mask[0]=11111111011111110111111111111111, sa_flags=SA_RESTART|SA_SIGINFO
SIGUSR1: SIG_DFL, sa_mask[0]=00000000000000000000000000000000, sa_flags=none
SIGUSR2: [libjvm.dylib+0x4876e2], sa_mask[0]=00100000000000000000000000000000, sa_flags=SA_RESTART|SA_SIGINFO
SIGHUP: [libjvm.dylib+0x485cb9], sa_mask[0]=11111111011111110111111111111111, sa_flags=SA_RESTART|SA_SIGINFO
SIGINT: [libjvm.dylib+0x485cb9], sa_mask[0]=11111111011111110111111111111111, sa_flags=SA_RESTART|SA_SIGINFO
SIGTERM: [libjvm.dylib+0x485cb9], sa_mask[0]=11111111011111110111111111111111, sa_flags=SA_RESTART|SA_SIGINFO
SIGQUIT: [libjvm.dylib+0x485cb9], sa_mask[0]=11111111011111110111111111111111, sa_flags=SA_RESTART|SA_SIGINFO


---------------  S Y S T E M  ---------------

OS:Bsduname:Darwin 18.2.0 Darwin Kernel Version 18.2.0: Mon Nov 12 20:24:46 PST 2018; root:xnu-4903.231.4~2/RELEASE_X86_64 x86_64
rlimit: STACK 8192k, CORE 0k, NPROC 709, NOFILE 10240, AS infinity
load average:2.23 1.94 1.93

CPU:total 4 (2 cores per cpu, 2 threads per core) family 6 model 78 stepping 3, cmov, cx8, fxsr, mmx, sse, sse2, sse3, ssse3, sse4.1, sse4.2, popcnt, avx, avx2, aes, clmul, erms, 3dnowpref, lzcnt, ht, tsc, tscinvbit, bmi1, bmi2, adx

Memory: 4k page, physical 8388608k(339936k free)

/proc/meminfo:


vm_info: Java HotSpot(TM) 64-Bit Server VM (25.121-b13) for bsd-amd64 JRE (1.8.0_121-b13), built on Dec 12 2016 20:39:32 by "java_re" with gcc 4.2.1 (Based on Apple Inc. build 5658) (LLVM build 2336.11.00)

time: Sun Apr  7 17:22:41 2019
elapsed time: 10 seconds (0d 0h 0m 10s)

