#
# A fatal error has been detected by the Java Runtime Environment:
#
#  SIGSEGV (0xb) at pc=0x000000010b5148b5, pid=49528, tid=0x0000000000011d37
#
# JRE version: Java(TM) SE Runtime Environment (8.0_121-b13) (build 1.8.0_121-b13)
# Java VM: Java HotSpot(TM) 64-Bit Server VM (25.121-b13 mixed mode bsd-amd64 compressed oops)
# Problematic frame:
# V  [libjvm.dylib+0x3148b5]  jni_GetObjectClass+0x65
#
# Failed to write core dump. Core dumps have been disabled. To enable core dumping, try "ulimit -c unlimited" before starting Java again
#
# If you would like to submit a bug report, please visit:
#   http://bugreport.java.com/bugreport/crash.jsp
#

---------------  T H R E A D  ---------------

Current thread (0x00007fa8ec3d5000):  JavaThread "AWT-EventQueue-0" [_thread_in_vm, id=73015, stack(0x0000700007231000,0x0000700007331000)]

siginfo: si_signo: 11 (SIGSEGV), si_code: 1 (SEGV_MAPERR), si_addr: 0x0000000000000000

Registers:
RAX=0x000000010bae6e24, RBX=0x0000000000000000, RCX=0x000000010ba22370, RDX=0x0000000000000004
RSP=0x000070000732e240, RBP=0x000070000732e290, RSI=0x0000000000000000, RDI=0x00007fa8ec3d51f8
R8 =0x0000000000000012, R9 =0x00000007b344cc40, R10=0x000000000000023a, R11=0x000000010baf1e80
R12=0x0000000000000000, R13=0x00000001696402d0, R14=0x00007fa8ec3d51f8, R15=0x00007fa8ec3d5000
RIP=0x000000010b5148b5, EFLAGS=0x0000000000010202, ERR=0x0000000000000004
  TRAPNO=0x000000000000000e

Top of Stack: (sp=0x000070000732e240)
0x000070000732e240:   000070000732e3b8 00007fa8ec3d5000
0x000070000732e250:   0000000000000000 000000012877fc99
0x000070000732e260:   000070000732e3b8 00007fa8ec3d5000
0x000070000732e270:   00007fa8ec3d5000 00000001696402d0
0x000070000732e280:   000070000732e3b8 00007fa8ec3d5000
0x000070000732e290:   000070000732e2c0 00000001287823b2
0x000070000732e2a0:   00007fa8eade1c50 000000010b514850
0x000070000732e2b0:   0000000000000000 00007fa8ec3d51f8
0x000070000732e2c0:   000070000732e330 0000000128780c2b
0x000070000732e2d0:   00007fa8ec3d5000 00000001696402d0
0x000070000732e2e0:   00007fa8ec3d51f8 00000001696402d0
0x000070000732e2f0:   00007fa8ec3d5000 00000001696402d0
0x000070000732e300:   00007fa8eade1c50 0000000000000000
0x000070000732e310:   000070000732e3b8 00007fa8ec3d51f8
0x000070000732e320:   000070000732e390 00000001171f2892
0x000070000732e330:   000070000732e390 00000001171f29f4
0x000070000732e340:   00000001171fe223 00000001171f2742
0x000070000732e350:   000070000732e350 00000001696402d0
0x000070000732e360:   000070000732e3b8 0000000169641930
0x000070000732e370:   0000000000000000 00000001696402d0
0x000070000732e380:   0000000000000000 000070000732e3b0
0x000070000732e390:   000070000732e400 00000001171e32bd
0x000070000732e3a0:   0000000000000000 00000001171ec538
0x000070000732e3b0:   0000000000000000 00000007b344cc40
0x000070000732e3c0:   000070000732e3c0 000000012a1cc608
0x000070000732e3d0:   000070000732e410 000000012a1cc678
0x000070000732e3e0:   0000000000000000 000000012a1cc620
0x000070000732e3f0:   000070000732e3b0 000070000732e410
0x000070000732e400:   000070000732e458 00000001171e32bd
0x000070000732e410:   0000000740939f40 000070000732e418
0x000070000732e420:   000000012a11a037 000070000732e470
0x000070000732e430:   000000012a11a118 0000000000000000 

Instructions: (pc=0x000000010b5148b5)
0x000000010b514895:   74 09 48 8d 7d b8 e8 2e 41 1a 00 4c 89 f7 48 89
0x000000010b5148a5:   de 90 0f 1f 40 00 48 8d 05 72 25 5d 00 80 38 00
0x000000010b5148b5:   48 8b 03 74 15 48 8d 15 df 91 52 00 8a 4a 08 8b
0x000000010b5148c5:   40 08 48 d3 e0 48 03 02 eb 04 48 8b 40 08 48 8b 

Register to memory mapping:

RAX=0x000000010bae6e24: UseCompressedClassPointers+0 in /Library/Java/JavaVirtualMachines/jdk1.8.0_121.jdk/Contents/Home/jre/lib/server/libjvm.dylib at 0x000000010b200000
RBX=0x0000000000000000 is an unknown value
RCX=0x000000010ba22370: UseMembar+0 in /Library/Java/JavaVirtualMachines/jdk1.8.0_121.jdk/Contents/Home/jre/lib/server/libjvm.dylib at 0x000000010b200000
RDX=0x0000000000000004 is an unknown value
RSP=0x000070000732e240 is pointing into the stack for thread: 0x00007fa8ec3d5000
RBP=0x000070000732e290 is pointing into the stack for thread: 0x00007fa8ec3d5000
RSI=0x0000000000000000 is an unknown value
RDI=0x00007fa8ec3d51f8 is an unknown value
R8 =0x0000000000000012 is an unknown value
R9 =0x00000007b344cc40 is an oop
com.thalmic.myo.Hub 
 - klass: 'com/thalmic/myo/Hub'
R10=0x000000000000023a is an unknown value
R11=0x000000010baf1e80: _ZN20SafepointSynchronize18_safepoint_counterE+0 in /Library/Java/JavaVirtualMachines/jdk1.8.0_121.jdk/Contents/Home/jre/lib/server/libjvm.dylib at 0x000000010b200000
R12=0x0000000000000000 is an unknown value
R13={method} {0x00000001696402d0} 'removeListener' '(Lcom/thalmic/myo/DeviceListener;)V' in 'com/thalmic/myo/Hub'
R14=0x00007fa8ec3d51f8 is an unknown value
R15=0x00007fa8ec3d5000 is a thread


Stack: [0x0000700007231000,0x0000700007331000],  sp=0x000070000732e240,  free space=1012k
Native frames: (J=compiled Java code, j=interpreted, Vv=VM code, C=native code)
V  [libjvm.dylib+0x3148b5]  jni_GetObjectClass+0x65
C  [libmyo.jnilib+0x43b2]  JNIEnv_::GetObjectClass(_jobject*)+0x32
C  [libmyo.jnilib+0x2c2b]  Java_com_thalmic_myo_Hub_removeListener+0x4b
j  com.thalmic.myo.Hub.removeListener(Lcom/thalmic/myo/DeviceListener;)V+0
j  urssimulationmapinterface.MyoData.stopMyo()V+8
j  urssimulationmapinterface.URSSimulationMapInterface$AppFrame$4.keyReleased(Ljava/awt/event/KeyEvent;)V+191
j  gov.nasa.worldwind.awt.AWTInputHandler.callKeyReleasedListeners(Ljava/awt/event/KeyEvent;)V+34
j  gov.nasa.worldwind.awt.AWTInputHandler.keyReleased(Ljava/awt/event/KeyEvent;)V+15
j  java.awt.Component.processKeyEvent(Ljava/awt/event/KeyEvent;)V+62
J 6205 C1 java.awt.Component.processEvent(Ljava/awt/AWTEvent;)V (220 bytes) @ 0x0000000118774fa4 [0x0000000118773a00+0x15a4]
J 6071 C1 java.awt.Component.dispatchEventImpl(Ljava/awt/AWTEvent;)V (883 bytes) @ 0x00000001186b9bc4 [0x00000001186b4680+0x5544]
J 2333 C1 java.awt.Component.dispatchEvent(Ljava/awt/AWTEvent;)V (6 bytes) @ 0x00000001179d5dc4 [0x00000001179d5cc0+0x104]
j  java.awt.KeyboardFocusManager.redispatchEvent(Ljava/awt/Component;Ljava/awt/AWTEvent;)V+7
j  java.awt.DefaultKeyboardFocusManager.dispatchKeyEvent(Ljava/awt/event/KeyEvent;)Z+63
j  java.awt.DefaultKeyboardFocusManager.preDispatchKeyEvent(Ljava/awt/event/KeyEvent;)Z+137
j  java.awt.DefaultKeyboardFocusManager.typeAheadAssertions(Ljava/awt/Component;Ljava/awt/AWTEvent;)Z+166
J 6077 C1 java.awt.DefaultKeyboardFocusManager.dispatchEvent(Ljava/awt/AWTEvent;)Z (1589 bytes) @ 0x00000001186d2514 [0x00000001186c18c0+0x10c54]
J 6071 C1 java.awt.Component.dispatchEventImpl(Ljava/awt/AWTEvent;)V (883 bytes) @ 0x00000001186b5e4c [0x00000001186b4680+0x17cc]
J 6062 C1 java.awt.EventQueue.dispatchEventImpl(Ljava/awt/AWTEvent;Ljava/lang/Object;)V (149 bytes) @ 0x000000011776f7ac [0x000000011776df40+0x186c]
J 4211 C1 java.awt.EventQueue$3.run()Ljava/lang/Void; (60 bytes) @ 0x0000000117ebd914 [0x0000000117ebd700+0x214]
J 4210 C1 java.awt.EventQueue$3.run()Ljava/lang/Object; (5 bytes) @ 0x0000000117eb9e0c [0x0000000117eb9d80+0x8c]
v  ~StubRoutines::call_stub
V  [libjvm.dylib+0x2ed9d6]  JavaCalls::call_helper(JavaValue*, methodHandle*, JavaCallArguments*, Thread*)+0x6ae
V  [libjvm.dylib+0x34e114]  JVM_DoPrivileged+0x4b8
J 1375  java.security.AccessController.doPrivileged(Ljava/security/PrivilegedAction;Ljava/security/AccessControlContext;)Ljava/lang/Object; (0 bytes) @ 0x00000001176dc0d5 [0x00000001176dc000+0xd5]
J 3899 C1 java.awt.EventQueue$4.run()Ljava/lang/Object; (5 bytes) @ 0x0000000117d8d76c [0x0000000117d8d340+0x42c]
v  ~StubRoutines::call_stub
V  [libjvm.dylib+0x2ed9d6]  JavaCalls::call_helper(JavaValue*, methodHandle*, JavaCallArguments*, Thread*)+0x6ae
V  [libjvm.dylib+0x34e114]  JVM_DoPrivileged+0x4b8
J 1375  java.security.AccessController.doPrivileged(Ljava/security/PrivilegedAction;Ljava/security/AccessControlContext;)Ljava/lang/Object; (0 bytes) @ 0x00000001176dc0d5 [0x00000001176dc000+0xd5]
J 4305 C1 java.awt.EventQueue.dispatchEvent(Ljava/awt/AWTEvent;)V (80 bytes) @ 0x0000000117f1d48c [0x0000000117f1c600+0xe8c]
J 2762 C1 java.awt.EventDispatchThread.pumpOneEventForFilters(I)V (295 bytes) @ 0x000000011735c294 [0x000000011735a5c0+0x1cd4]
j  java.awt.EventDispatchThread.pumpEventsForFilter(ILjava/awt/Conditional;Ljava/awt/EventFilter;)V+35
j  java.awt.EventDispatchThread.pumpEventsForHierarchy(ILjava/awt/Conditional;Ljava/awt/Component;)V+11
j  java.awt.EventDispatchThread.pumpEvents(ILjava/awt/Conditional;)V+4
j  java.awt.EventDispatchThread.pumpEvents(Ljava/awt/Conditional;)V+3
j  java.awt.EventDispatchThread.run()V+9
v  ~StubRoutines::call_stub
V  [libjvm.dylib+0x2ed9d6]  JavaCalls::call_helper(JavaValue*, methodHandle*, JavaCallArguments*, Thread*)+0x6ae
V  [libjvm.dylib+0x2ee164]  JavaCalls::call_virtual(JavaValue*, KlassHandle, Symbol*, Symbol*, JavaCallArguments*, Thread*)+0x164
V  [libjvm.dylib+0x2ee310]  JavaCalls::call_virtual(JavaValue*, Handle, KlassHandle, Symbol*, Symbol*, Thread*)+0x4a
V  [libjvm.dylib+0x348a5d]  thread_entry(JavaThread*, Thread*)+0x7c
V  [libjvm.dylib+0x56ab0f]  JavaThread::thread_main_inner()+0x9b
V  [libjvm.dylib+0x56c1fc]  JavaThread::run()+0x1c2
V  [libjvm.dylib+0x48a5b2]  java_start(Thread*)+0xf6
C  [libsystem_pthread.dylib+0x3305]  _pthread_body+0x7e
C  [libsystem_pthread.dylib+0x626f]  _pthread_start+0x46
C  [libsystem_pthread.dylib+0x2415]  thread_start+0xd
C  0x0000000000000000

Java frames: (J=compiled Java code, j=interpreted, Vv=VM code)
j  com.thalmic.myo.Hub.removeListener(Lcom/thalmic/myo/DeviceListener;)V+0
j  urssimulationmapinterface.MyoData.stopMyo()V+8
j  urssimulationmapinterface.URSSimulationMapInterface$AppFrame$4.keyReleased(Ljava/awt/event/KeyEvent;)V+191
j  gov.nasa.worldwind.awt.AWTInputHandler.callKeyReleasedListeners(Ljava/awt/event/KeyEvent;)V+34
j  gov.nasa.worldwind.awt.AWTInputHandler.keyReleased(Ljava/awt/event/KeyEvent;)V+15
j  java.awt.Component.processKeyEvent(Ljava/awt/event/KeyEvent;)V+62
J 6205 C1 java.awt.Component.processEvent(Ljava/awt/AWTEvent;)V (220 bytes) @ 0x0000000118774fa4 [0x0000000118773a00+0x15a4]
J 6071 C1 java.awt.Component.dispatchEventImpl(Ljava/awt/AWTEvent;)V (883 bytes) @ 0x00000001186b9bc4 [0x00000001186b4680+0x5544]
J 2333 C1 java.awt.Component.dispatchEvent(Ljava/awt/AWTEvent;)V (6 bytes) @ 0x00000001179d5dc4 [0x00000001179d5cc0+0x104]
j  java.awt.KeyboardFocusManager.redispatchEvent(Ljava/awt/Component;Ljava/awt/AWTEvent;)V+7
j  java.awt.DefaultKeyboardFocusManager.dispatchKeyEvent(Ljava/awt/event/KeyEvent;)Z+63
j  java.awt.DefaultKeyboardFocusManager.preDispatchKeyEvent(Ljava/awt/event/KeyEvent;)Z+137
j  java.awt.DefaultKeyboardFocusManager.typeAheadAssertions(Ljava/awt/Component;Ljava/awt/AWTEvent;)Z+166
J 6077 C1 java.awt.DefaultKeyboardFocusManager.dispatchEvent(Ljava/awt/AWTEvent;)Z (1589 bytes) @ 0x00000001186d2514 [0x00000001186c18c0+0x10c54]
J 6071 C1 java.awt.Component.dispatchEventImpl(Ljava/awt/AWTEvent;)V (883 bytes) @ 0x00000001186b5e4c [0x00000001186b4680+0x17cc]
J 6062 C1 java.awt.EventQueue.dispatchEventImpl(Ljava/awt/AWTEvent;Ljava/lang/Object;)V (149 bytes) @ 0x000000011776f7ac [0x000000011776df40+0x186c]
J 4211 C1 java.awt.EventQueue$3.run()Ljava/lang/Void; (60 bytes) @ 0x0000000117ebd914 [0x0000000117ebd700+0x214]
J 4210 C1 java.awt.EventQueue$3.run()Ljava/lang/Object; (5 bytes) @ 0x0000000117eb9e0c [0x0000000117eb9d80+0x8c]
v  ~StubRoutines::call_stub
J 1375  java.security.AccessController.doPrivileged(Ljava/security/PrivilegedAction;Ljava/security/AccessControlContext;)Ljava/lang/Object; (0 bytes) @ 0x00000001176dc063 [0x00000001176dc000+0x63]
J 3899 C1 java.awt.EventQueue$4.run()Ljava/lang/Object; (5 bytes) @ 0x0000000117d8d76c [0x0000000117d8d340+0x42c]
v  ~StubRoutines::call_stub
J 1375  java.security.AccessController.doPrivileged(Ljava/security/PrivilegedAction;Ljava/security/AccessControlContext;)Ljava/lang/Object; (0 bytes) @ 0x00000001176dc063 [0x00000001176dc000+0x63]
J 4305 C1 java.awt.EventQueue.dispatchEvent(Ljava/awt/AWTEvent;)V (80 bytes) @ 0x0000000117f1d48c [0x0000000117f1c600+0xe8c]
J 2762 C1 java.awt.EventDispatchThread.pumpOneEventForFilters(I)V (295 bytes) @ 0x000000011735c294 [0x000000011735a5c0+0x1cd4]
j  java.awt.EventDispatchThread.pumpEventsForFilter(ILjava/awt/Conditional;Ljava/awt/EventFilter;)V+35
j  java.awt.EventDispatchThread.pumpEventsForHierarchy(ILjava/awt/Conditional;Ljava/awt/Component;)V+11
j  java.awt.EventDispatchThread.pumpEvents(ILjava/awt/Conditional;)V+4
j  java.awt.EventDispatchThread.pumpEvents(Ljava/awt/Conditional;)V+3
j  java.awt.EventDispatchThread.run()V+9
v  ~StubRoutines::call_stub

---------------  P R O C E S S  ---------------

Java Threads: ( => current thread )
  0x00007fa8ec971000 JavaThread "Idle World Wind Task " daemon [_thread_blocked, id=69127, stack(0x0000700007946000,0x0000700007a46000)]
  0x00007fa8ec2b8000 JavaThread "Idle World Wind Task " daemon [_thread_blocked, id=69895, stack(0x0000700007843000,0x0000700007943000)]
  0x00007fa8eca2d000 JavaThread "Idle World Wind Task " daemon [_thread_blocked, id=57351, stack(0x0000700007740000,0x0000700007840000)]
  0x00007fa8eca38800 JavaThread "Idle World Wind Task " daemon [_thread_blocked, id=56859, stack(0x000070000763d000,0x000070000773d000)]
  0x00007fa8ebd84000 JavaThread "Idle World Wind Task " daemon [_thread_blocked, id=58631, stack(0x000070000753a000,0x000070000763a000)]
  0x00007fa8eb603000 JavaThread "Grizzly-worker(1)" daemon [_thread_blocked, id=71955, stack(0x0000700007437000,0x0000700007537000)]
  0x00007fa8eb25a000 JavaThread "Grizzly-kernel(1) SelectorRunner" daemon [_thread_in_native, id=59915, stack(0x0000700007334000,0x0000700007434000)]
  0x00007fa8eb002800 JavaThread "DestroyJavaVM" [_thread_blocked, id=9987, stack(0x00007000059d4000,0x0000700005ad4000)]
  0x00007fa8ecba1800 JavaThread "Thread-12" daemon [_thread_blocked, id=68099, stack(0x0000700007d52000,0x0000700007e52000)]
  0x00007fa8ecb4f000 JavaThread "TimerQueue" daemon [_thread_blocked, id=68355, stack(0x0000700007c4f000,0x0000700007d4f000)]
=>0x00007fa8ec3d5000 JavaThread "AWT-EventQueue-0" [_thread_in_vm, id=73015, stack(0x0000700007231000,0x0000700007331000)]
  0x00007fa8eba2a000 JavaThread "Java2D Disposer" daemon [_thread_blocked, id=77079, stack(0x0000700006b8d000,0x0000700006c8d000)]
  0x00007fa8eba3a000 JavaThread "Java2D Queue Flusher" daemon [_thread_blocked, id=50451, stack(0x0000700006a8a000,0x0000700006b8a000)]
  0x00007fa8eb1bd800 JavaThread "AWT-Shutdown" [_thread_blocked, id=40747, stack(0x0000700006881000,0x0000700006981000)]
  0x00007fa8ec251000 JavaThread "AWT-AppKit" daemon [_thread_in_native, id=775, stack(0x00007ffee4b94000,0x00007ffee5394000)]
  0x00007fa8ec826800 JavaThread "Service Thread" daemon [_thread_blocked, id=15363, stack(0x00007000065f8000,0x00007000066f8000)]
  0x00007fa8ec80b800 JavaThread "C1 CompilerThread2" daemon [_thread_blocked, id=15107, stack(0x00007000064f5000,0x00007000065f5000)]
  0x00007fa8ec80b000 JavaThread "C2 CompilerThread1" daemon [_thread_blocked, id=14851, stack(0x00007000063f2000,0x00007000064f2000)]
  0x00007fa8eb035000 JavaThread "C2 CompilerThread0" daemon [_thread_blocked, id=19459, stack(0x00007000062ef000,0x00007000063ef000)]
  0x00007fa8ec805000 JavaThread "Signal Dispatcher" daemon [_thread_blocked, id=19971, stack(0x00007000061ec000,0x00007000062ec000)]
  0x00007fa8eb02e800 JavaThread "Finalizer" daemon [_thread_blocked, id=21251, stack(0x00007000060e9000,0x00007000061e9000)]
  0x00007fa8eb02b800 JavaThread "Reference Handler" daemon [_thread_blocked, id=21507, stack(0x0000700005fe6000,0x00007000060e6000)]

Other Threads:
  0x00007fa8eb817000 VMThread [stack: 0x0000700005ee3000,0x0000700005fe3000] [id=12035]
  0x00007fa8ec01b800 WatcherThread [stack: 0x00007000066fb000,0x00007000067fb000] [id=18691]

VM state:not at safepoint (normal execution)

VM Mutex/Monitor currently owned by a thread: None

Heap:
 PSYoungGen      total 464384K, used 106295K [0x0000000795580000, 0x00000007b3500000, 0x00000007c0000000)
  eden space 463360K, 22% used [0x0000000795580000,0x000000079bccf1a0,0x00000007b1a00000)
  from space 1024K, 49% used [0x00000007b3400000,0x00000007b347edb0,0x00000007b3500000)
  to   space 13824K, 0% used [0x00000007b1a00000,0x00000007b1a00000,0x00000007b2780000)
 ParOldGen       total 68608K, used 20784K [0x0000000740000000, 0x0000000744300000, 0x0000000795580000)
  object space 68608K, 30% used [0x0000000740000000,0x000000074144c290,0x0000000744300000)
 Metaspace       used 36357K, capacity 36699K, committed 37160K, reserved 1083392K
  class space    used 3956K, capacity 4041K, committed 4144K, reserved 1048576K

Card table byte_map: [0x000000010c562000,0x000000010c963000] byte_map_base: 0x0000000108b62000

Marking Bits: (ParMarkBitMap*) 0x000000010baf0d30
 Begin Bits: [0x000000010cc0e000, 0x000000010ec0e000)
 End Bits:   [0x000000010ec0e000, 0x0000000110c0e000)

Polling page: 0x000000010a8da000

CodeCache: size=245760Kb used=21112Kb max_used=22512Kb free=224647Kb
 bounds [0x00000001171db000, 0x00000001187fb000, 0x00000001261db000]
 total_blobs=6638 nmethods=5611 adapters=939
 compilation: enabled

Compilation events (10 events):
Event: 30.724 Thread 0x00007fa8ec80b000 nmethod 6386 0x0000000117e5f210 code [0x0000000117e5f380, 0x0000000117e5f478]
Event: 30.774 Thread 0x00007fa8ec80b000 6387       4       org.glassfish.grizzly.filterchain.DefaultFilterChain::executeFilter (99 bytes)
Event: 30.776 Thread 0x00007fa8ec80b000 nmethod 6387 0x00000001173dc8d0 code [0x00000001173dca40, 0x00000001173dcc38]
Event: 30.798 Thread 0x00007fa8ec80b800 6388       3       java.lang.Integer::equals (29 bytes)
Event: 30.798 Thread 0x00007fa8ec80b800 nmethod 6388 0x00000001175cf190 code [0x00000001175cf300, 0x00000001175cf770]
Event: 30.810 Thread 0x00007fa8ec80b000 6389       4       gov.nasa.worldwind.geom.Vec4::cross3 (91 bytes)
Event: 30.811 Thread 0x00007fa8ec80b000 nmethod 6389 0x0000000117d2d190 code [0x0000000117d2d2e0, 0x0000000117d2d438]
Event: 30.933 Thread 0x00007fa8ec80b000 6390       4       java.util.PriorityQueue$Itr::hasNext (37 bytes)
Event: 30.934 Thread 0x00007fa8ec80b000 nmethod 6390 0x0000000117f1a150 code [0x0000000117f1a2a0, 0x0000000117f1a338]
Event: 31.038 Thread 0x00007fa8eb035000 nmethod 6364 0x0000000117ba5010 code [0x0000000117ba5920, 0x0000000117baaf70]

GC Heap History (10 events):
Event: 12.424 GC heap before
{Heap before GC invocations=10 (full 1):
 PSYoungGen      total 239616K, used 181526K [0x0000000795580000, 0x00000007a4b80000, 0x00000007c0000000)
  eden space 231424K, 74% used [0x0000000795580000,0x000000079feca870,0x00000007a3780000)
  from space 8192K, 99% used [0x00000007a4380000,0x00000007a4b7b1e8,0x00000007a4b80000)
  to   space 9728K, 0% used [0x00000007a3880000,0x00000007a3880000,0x00000007a4200000)
 ParOldGen       total 43008K, used 5156K [0x0000000740000000, 0x0000000742a00000, 0x0000000795580000)
  object space 43008K, 11% used [0x0000000740000000,0x00000007405093c8,0x0000000742a00000)
 Metaspace       used 34935K, capacity 35255K, committed 35496K, reserved 1081344K
  class space    used 3906K, capacity 4009K, committed 4016K, reserved 1048576K
Event: 12.441 GC heap after
Heap after GC invocations=10 (full 1):
 PSYoungGen      total 242176K, used 9701K [0x0000000795580000, 0x00000007abf00000, 0x00000007c0000000)
  eden space 232448K, 0% used [0x0000000795580000,0x0000000795580000,0x00000007a3880000)
  from space 9728K, 99% used [0x00000007a3880000,0x00000007a41f9460,0x00000007a4200000)
  to   space 13824K, 0% used [0x00000007ab180000,0x00000007ab180000,0x00000007abf00000)
 ParOldGen       total 43008K, used 11613K [0x0000000740000000, 0x0000000742a00000, 0x0000000795580000)
  object space 43008K, 27% used [0x0000000740000000,0x0000000740b57768,0x0000000742a00000)
 Metaspace       used 34935K, capacity 35255K, committed 35496K, reserved 1081344K
  class space    used 3906K, capacity 4009K, committed 4016K, reserved 1048576K
}
Event: 12.441 GC heap before
{Heap before GC invocations=11 (full 2):
 PSYoungGen      total 242176K, used 9701K [0x0000000795580000, 0x00000007abf00000, 0x00000007c0000000)
  eden space 232448K, 0% used [0x0000000795580000,0x0000000795580000,0x00000007a3880000)
  from space 9728K, 99% used [0x00000007a3880000,0x00000007a41f9460,0x00000007a4200000)
  to   space 13824K, 0% used [0x00000007ab180000,0x00000007ab180000,0x00000007abf00000)
 ParOldGen       total 43008K, used 11613K [0x0000000740000000, 0x0000000742a00000, 0x0000000795580000)
  object space 43008K, 27% used [0x0000000740000000,0x0000000740b57768,0x0000000742a00000)
 Metaspace       used 34935K, capacity 35255K, committed 35496K, reserved 1081344K
  class space    used 3906K, capacity 4009K, committed 4016K, reserved 1048576K
Event: 12.542 GC heap after
Heap after GC invocations=11 (full 2):
 PSYoungGen      total 242176K, used 0K [0x0000000795580000, 0x00000007abf00000, 0x00000007c0000000)
  eden space 232448K, 0% used [0x0000000795580000,0x0000000795580000,0x00000007a3880000)
  from space 9728K, 0% used [0x00000007a3880000,0x00000007a3880000,0x00000007a4200000)
  to   space 13824K, 0% used [0x00000007ab180000,0x00000007ab180000,0x00000007abf00000)
 ParOldGen       total 68608K, used 20534K [0x0000000740000000, 0x0000000744300000, 0x0000000795580000)
  object space 68608K, 29% used [0x0000000740000000,0x000000074140dad0,0x0000000744300000)
 Metaspace       used 34935K, capacity 35255K, committed 35496K, reserved 1081344K
  class space    used 3906K, capacity 4009K, committed 4016K, reserved 1048576K
}
Event: 15.974 GC heap before
{Heap before GC invocations=12 (full 2):
 PSYoungGen      total 242176K, used 232448K [0x0000000795580000, 0x00000007abf00000, 0x00000007c0000000)
  eden space 232448K, 100% used [0x0000000795580000,0x00000007a3880000,0x00000007a3880000)
  from space 9728K, 0% used [0x00000007a3880000,0x00000007a3880000,0x00000007a4200000)
  to   space 13824K, 0% used [0x00000007ab180000,0x00000007ab180000,0x00000007abf00000)
 ParOldGen       total 68608K, used 20534K [0x0000000740000000, 0x0000000744300000, 0x0000000795580000)
  object space 68608K, 29% used [0x0000000740000000,0x000000074140dad0,0x0000000744300000)
 Metaspace       used 35430K, capacity 35767K, committed 36008K, reserved 1081344K
  class space    used 3908K, capacity 4009K, committed 4016K, reserved 1048576K
Event: 15.977 GC heap after
Heap after GC invocations=12 (full 2):
 PSYoungGen      total 345088K, used 256K [0x0000000795580000, 0x00000007ab980000, 0x00000007c0000000)
  eden space 336896K, 0% used [0x0000000795580000,0x0000000795580000,0x00000007a9e80000)
  from space 8192K, 3% used [0x00000007ab180000,0x00000007ab1c0010,0x00000007ab980000)
  to   space 13824K, 0% used [0x00000007a9e80000,0x00000007a9e80000,0x00000007aac00000)
 ParOldGen       total 68608K, used 20542K [0x0000000740000000, 0x0000000744300000, 0x0000000795580000)
  object space 68608K, 29% used [0x0000000740000000,0x000000074140fad0,0x0000000744300000)
 Metaspace       used 35430K, capacity 35767K, committed 36008K, reserved 1081344K
  class space    used 3908K, capacity 4009K, committed 4016K, reserved 1048576K
}
Event: 21.034 GC heap before
{Heap before GC invocations=13 (full 2):
 PSYoungGen      total 345088K, used 337152K [0x0000000795580000, 0x00000007ab980000, 0x00000007c0000000)
  eden space 336896K, 100% used [0x0000000795580000,0x00000007a9e80000,0x00000007a9e80000)
  from space 8192K, 3% used [0x00000007ab180000,0x00000007ab1c0010,0x00000007ab980000)
  to   space 13824K, 0% used [0x00000007a9e80000,0x00000007a9e80000,0x00000007aac00000)
 ParOldGen       total 68608K, used 20542K [0x0000000740000000, 0x0000000744300000, 0x0000000795580000)
  object space 68608K, 29% used [0x0000000740000000,0x000000074140fad0,0x0000000744300000)
 Metaspace       used 35929K, capacity 36315K, committed 36648K, reserved 1081344K
  class space    used 3923K, capacity 4041K, committed 4144K, reserved 1048576K
Event: 21.036 GC heap after
Heap after GC invocations=13 (full 2):
 PSYoungGen      total 350720K, used 347K [0x0000000795580000, 0x00000007b4180000, 0x00000007c0000000)
  eden space 336896K, 0% used [0x0000000795580000,0x0000000795580000,0x00000007a9e80000)
  from space 13824K, 2% used [0x00000007a9e80000,0x00000007a9ed6ca0,0x00000007aac00000)
  to   space 13824K, 0% used [0x00000007b3400000,0x00000007b3400000,0x00000007b4180000)
 ParOldGen       total 68608K, used 20590K [0x0000000740000000, 0x0000000744300000, 0x0000000795580000)
  object space 68608K, 30% used [0x0000000740000000,0x000000074141bad0,0x0000000744300000)
 Metaspace       used 35929K, capacity 36315K, committed 36648K, reserved 1081344K
  class space    used 3923K, capacity 4041K, committed 4144K, reserved 1048576K
}
Event: 29.756 GC heap before
{Heap before GC invocations=14 (full 2):
 PSYoungGen      total 350720K, used 337243K [0x0000000795580000, 0x00000007b4180000, 0x00000007c0000000)
  eden space 336896K, 100% used [0x0000000795580000,0x00000007a9e80000,0x00000007a9e80000)
  from space 13824K, 2% used [0x00000007a9e80000,0x00000007a9ed6ca0,0x00000007aac00000)
  to   space 13824K, 0% used [0x00000007b3400000,0x00000007b3400000,0x00000007b4180000)
 ParOldGen       total 68608K, used 20590K [0x0000000740000000, 0x0000000744300000, 0x0000000795580000)
  object space 68608K, 30% used [0x0000000740000000,0x000000074141bad0,0x0000000744300000)
 Metaspace       used 36350K, capacity 36699K, committed 37160K, reserved 1083392K
  class space    used 3956K, capacity 4041K, committed 4144K, reserved 1048576K
Event: 29.761 GC heap after
Heap after GC invocations=14 (full 2):
 PSYoungGen      total 464384K, used 507K [0x0000000795580000, 0x00000007b3500000, 0x00000007c0000000)
  eden space 463360K, 0% used [0x0000000795580000,0x0000000795580000,0x00000007b1a00000)
  from space 1024K, 49% used [0x00000007b3400000,0x00000007b347edb0,0x00000007b3500000)
  to   space 13824K, 0% used [0x00000007b1a00000,0x00000007b1a00000,0x00000007b2780000)
 ParOldGen       total 68608K, used 20784K [0x0000000740000000, 0x0000000744300000, 0x0000000795580000)
  object space 68608K, 30% used [0x0000000740000000,0x000000074144c290,0x0000000744300000)
 Metaspace       used 36350K, capacity 36699K, committed 37160K, reserved 1083392K
  class space    used 3956K, capacity 4041K, committed 4144K, reserved 1048576K
}

Deoptimization events (10 events):
Event: 20.803 Thread 0x00007fa8ec3d5000 Uncommon trap: reason=class_check action=maybe_recompile pc=0x0000000117adb6c4 method=java.awt.AWTEventMulticaster.removeInternal(Ljava/util/EventListener;Ljava/util/EventListener;)Ljava/util/EventListener; @ 19
Event: 23.004 Thread 0x00007fa8ec3d5000 Uncommon trap: reason=class_check action=maybe_recompile pc=0x0000000117adb6c4 method=java.awt.AWTEventMulticaster.removeInternal(Ljava/util/EventListener;Ljava/util/EventListener;)Ljava/util/EventListener; @ 19
Event: 23.711 Thread 0x00007fa8ec3d5000 Uncommon trap: reason=unstable_if action=reinterpret pc=0x000000011843b41c method=gov.nasa.worldwind.util.OGLStackHandler.pop(Ljavax/media/opengl/GL2;)V @ 4
Event: 23.716 Thread 0x00007fa8ec3d5000 Uncommon trap: reason=predicate action=maybe_recompile pc=0x0000000117f61f0c method=java.util.TimSort.binarySort([Ljava/lang/Object;IIILjava/util/Comparator;)V @ 76
Event: 26.020 Thread 0x00007fa8ec3d5000 Uncommon trap: reason=array_check action=maybe_recompile pc=0x00000001187ab234 method=javax.swing.event.EventListenerList.getListeners(Ljava/lang/Class;)[Ljava/util/EventListener; @ 63
Event: 26.020 Thread 0x00007fa8ec3d5000 Uncommon trap: reason=array_check action=maybe_recompile pc=0x00000001187ab234 method=javax.swing.event.EventListenerList.getListeners(Ljava/lang/Class;)[Ljava/util/EventListener; @ 63
Event: 26.021 Thread 0x00007fa8ec3d5000 Uncommon trap: reason=array_check action=maybe_recompile pc=0x00000001187ab234 method=javax.swing.event.EventListenerList.getListeners(Ljava/lang/Class;)[Ljava/util/EventListener; @ 63
Event: 26.036 Thread 0x00007fa8ec3d5000 Uncommon trap: reason=array_check action=maybe_recompile pc=0x00000001187ab234 method=javax.swing.event.EventListenerList.getListeners(Ljava/lang/Class;)[Ljava/util/EventListener; @ 63
Event: 26.175 Thread 0x00007fa8ec3d5000 Uncommon trap: reason=unstable_if action=reinterpret pc=0x00000001177fb904 method=java.nio.Buffer.limit(I)Ljava/nio/Buffer; @ 33
Event: 26.308 Thread 0x00007fa8ec3d5000 Uncommon trap: reason=unstable_if action=reinterpret pc=0x00000001180b42e0 method=java.lang.String.split(Ljava/lang/String;I)[Ljava/lang/String; @ 8

Internal exceptions (10 events):
Event: 6.322 Thread 0x00007fa8ec3d5000 Exception <a 'java/lang/ArrayIndexOutOfBoundsException'> (0x000000079c8aa870) thrown at [/Users/java_re/workspace/8-2-build-macosx-x86_64/jdk8u121/8372/hotspot/src/share/vm/runtime/sharedRuntime.cpp, line 605]
Event: 6.322 Thread 0x00007fa8ec3d5000 Exception <a 'java/lang/ArrayIndexOutOfBoundsException'> (0x000000079c8b1770) thrown at [/Users/java_re/workspace/8-2-build-macosx-x86_64/jdk8u121/8372/hotspot/src/share/vm/runtime/sharedRuntime.cpp, line 605]
Event: 6.322 Thread 0x00007fa8ec3d5000 Exception <a 'java/lang/ArrayIndexOutOfBoundsException'> (0x000000079c8b2998) thrown at [/Users/java_re/workspace/8-2-build-macosx-x86_64/jdk8u121/8372/hotspot/src/share/vm/runtime/sharedRuntime.cpp, line 605]
Event: 6.322 Thread 0x00007fa8ec3d5000 Exception <a 'java/lang/ArrayIndexOutOfBoundsException'> (0x000000079c8b3e30) thrown at [/Users/java_re/workspace/8-2-build-macosx-x86_64/jdk8u121/8372/hotspot/src/share/vm/runtime/sharedRuntime.cpp, line 605]
Event: 6.322 Thread 0x00007fa8ec3d5000 Exception <a 'java/lang/ArrayIndexOutOfBoundsException'> (0x000000079c8b52f8) thrown at [/Users/java_re/workspace/8-2-build-macosx-x86_64/jdk8u121/8372/hotspot/src/share/vm/runtime/sharedRuntime.cpp, line 605]
Event: 6.323 Thread 0x00007fa8ec3d5000 Exception <a 'java/lang/ArrayIndexOutOfBoundsException'> (0x000000079c8b66e0) thrown at [/Users/java_re/workspace/8-2-build-macosx-x86_64/jdk8u121/8372/hotspot/src/share/vm/runtime/sharedRuntime.cpp, line 605]
Event: 6.447 Thread 0x00007fa8eb02e800 Exception <a 'java/lang/NullPointerException'> (0x00000007958b5148) thrown at [/Users/java_re/workspace/8-2-build-macosx-x86_64/jdk8u121/8372/hotspot/src/share/vm/interpreter/linkResolver.cpp, line 1178]
Event: 6.892 Thread 0x00007fa8ec3d5000 Implicit null exception at 0x00000001179ee310 to 0x00000001179ee36c
Event: 11.445 Thread 0x00007fa8ecb4b800 Exception <a 'java/net/SocketTimeoutException': connect timed out> (0x000000079c9e56e0) thrown at [/Users/java_re/workspace/8-2-build-macosx-x86_64/jdk8u121/8372/hotspot/src/share/vm/prims/jni.cpp, line 735]
Event: 26.174 Thread 0x00007fa8ec3d5000 Exception <a 'sun/nio/fs/UnixException'> (0x00000007a24aa658) thrown at [/Users/java_re/workspace/8-2-build-macosx-x86_64/jdk8u121/8372/hotspot/src/share/vm/prims/jni.cpp, line 709]

Events (10 events):
Event: 29.957 Thread 0x00007fa8ec80b800 flushing nmethod 0x0000000117e5f210
Event: 29.957 Thread 0x00007fa8ec80b800 flushing nmethod 0x0000000117e901d0
Event: 29.957 Thread 0x00007fa8ec80b800 flushing nmethod 0x0000000117e99390
Event: 29.988 Thread 0x00007fa8ec80b800 flushing nmethod 0x0000000117f1a150
Event: 30.090 Thread 0x00007fa8ec80b800 flushing nmethod 0x0000000118056cd0
Event: 30.090 Thread 0x00007fa8ec80b800 flushing nmethod 0x0000000118084d90
Event: 30.090 Thread 0x00007fa8ec80b800 flushing nmethod 0x000000011809ca50
Event: 30.776 Thread 0x00007fa8ec80b000 flushing nmethod 0x0000000117346110
Event: 30.934 Thread 0x00007fa8ec80b000 flushing nmethod 0x00000001175f19d0
Event: 30.934 Thread 0x00007fa8ec80b000 flushing nmethod 0x0000000117633650


Dynamic libraries:
0x0000000019f78000 	/System/Library/Frameworks/Cocoa.framework/Versions/A/Cocoa
0x0000000019f78000 	/System/Library/Frameworks/Security.framework/Versions/A/Security
0x0000000019f78000 	/System/Library/Frameworks/ApplicationServices.framework/Versions/A/ApplicationServices
0x0000000019f78000 	/usr/lib/libz.1.dylib
0x0000000019f78000 	/usr/lib/libSystem.B.dylib
0x0000000019f78000 	/usr/lib/libobjc.A.dylib
0x0000000019f78000 	/System/Library/Frameworks/CoreFoundation.framework/Versions/A/CoreFoundation
0x0000000019f78000 	/System/Library/Frameworks/Foundation.framework/Versions/C/Foundation
0x0000000019f78000 	/System/Library/Frameworks/AppKit.framework/Versions/C/AppKit
0x0000000019f78000 	/System/Library/Frameworks/CoreData.framework/Versions/A/CoreData
0x0000000019f78000 	/System/Library/PrivateFrameworks/RemoteViewServices.framework/Versions/A/RemoteViewServices
0x0000000019f78000 	/System/Library/PrivateFrameworks/UIFoundation.framework/Versions/A/UIFoundation
0x0000000019f78000 	/System/Library/PrivateFrameworks/XCTTargetBootstrap.framework/Versions/A/XCTTargetBootstrap
0x0000000019f78000 	/System/Library/PrivateFrameworks/IconServices.framework/Versions/A/IconServices
0x0000000019f78000 	/System/Library/Frameworks/Metal.framework/Versions/A/Metal
0x0000000019f78000 	/System/Library/PrivateFrameworks/DesktopServicesPriv.framework/Versions/A/DesktopServicesPriv
0x0000000019f78000 	/usr/lib/libenergytrace.dylib
0x0000000019f78000 	/System/Library/PrivateFrameworks/SkyLight.framework/Versions/A/SkyLight
0x0000000019f78000 	/System/Library/Frameworks/CoreGraphics.framework/Versions/A/CoreGraphics
0x0000000019f78000 	/System/Library/Frameworks/Accelerate.framework/Versions/A/Accelerate
0x0000000019f78000 	/System/Library/Frameworks/IOSurface.framework/Versions/A/IOSurface
0x0000000019f78000 	/System/Library/PrivateFrameworks/DFRFoundation.framework/Versions/A/DFRFoundation
0x0000000019f78000 	/System/Library/Frameworks/AudioToolbox.framework/Versions/A/AudioToolbox
0x0000000019f78000 	/System/Library/Frameworks/AudioUnit.framework/Versions/A/AudioUnit
0x0000000019f78000 	/System/Library/PrivateFrameworks/DataDetectorsCore.framework/Versions/A/DataDetectorsCore
0x0000000019f78000 	/System/Library/Frameworks/Carbon.framework/Versions/A/Frameworks/HIToolbox.framework/Versions/A/HIToolbox
0x0000000019f78000 	/usr/lib/libicucore.A.dylib
0x0000000019f78000 	/System/Library/Frameworks/QuartzCore.framework/Versions/A/QuartzCore
0x0000000019f78000 	/System/Library/Frameworks/Carbon.framework/Versions/A/Frameworks/SpeechRecognition.framework/Versions/A/SpeechRecognition
0x0000000019f78000 	/usr/lib/libauto.dylib
0x0000000019f78000 	/usr/lib/libxml2.2.dylib
0x0000000019f78000 	/System/Library/PrivateFrameworks/CoreUI.framework/Versions/A/CoreUI
0x0000000019f78000 	/System/Library/Frameworks/CoreAudio.framework/Versions/A/CoreAudio
0x0000000019f78000 	/System/Library/Frameworks/DiskArbitration.framework/Versions/A/DiskArbitration
0x0000000019f78000 	/usr/lib/liblangid.dylib
0x0000000019f78000 	/System/Library/PrivateFrameworks/MultitouchSupport.framework/Versions/A/MultitouchSupport
0x0000000019f78000 	/System/Library/Frameworks/IOKit.framework/Versions/A/IOKit
0x0000000019f78000 	/usr/lib/libDiagnosticMessagesClient.dylib
0x0000000019f78000 	/System/Library/Frameworks/CoreServices.framework/Versions/A/CoreServices
0x0000000019f78000 	/System/Library/PrivateFrameworks/PerformanceAnalysis.framework/Versions/A/PerformanceAnalysis
0x0000000019f78000 	/System/Library/Frameworks/OpenGL.framework/Versions/A/OpenGL
0x0000000019f78000 	/System/Library/Frameworks/ColorSync.framework/Versions/A/ColorSync
0x0000000019f78000 	/System/Library/Frameworks/CoreImage.framework/Versions/A/CoreImage
0x0000000019f78000 	/System/Library/Frameworks/CoreText.framework/Versions/A/CoreText
0x0000000019f78000 	/System/Library/Frameworks/ImageIO.framework/Versions/A/ImageIO
0x0000000019f78000 	/System/Library/PrivateFrameworks/Backup.framework/Versions/A/Backup
0x0000000019f78000 	/usr/lib/libarchive.2.dylib
0x0000000019f78000 	/System/Library/Frameworks/CFNetwork.framework/Versions/A/CFNetwork
0x0000000019f78000 	/System/Library/Frameworks/SystemConfiguration.framework/Versions/A/SystemConfiguration
0x0000000019f78000 	/usr/lib/libCRFSuite.dylib
0x0000000019f78000 	/usr/lib/libc++.1.dylib
0x0000000019f78000 	/usr/lib/libc++abi.dylib
0x0000000019f78000 	/usr/lib/system/libcache.dylib
0x0000000019f78000 	/usr/lib/system/libcommonCrypto.dylib
0x0000000019f78000 	/usr/lib/system/libcompiler_rt.dylib
0x0000000019f78000 	/usr/lib/system/libcopyfile.dylib
0x0000000019f78000 	/usr/lib/system/libcorecrypto.dylib
0x0000000019f78000 	/usr/lib/system/libdispatch.dylib
0x0000000019f78000 	/usr/lib/system/libdyld.dylib
0x0000000019f78000 	/usr/lib/system/libkeymgr.dylib
0x0000000019f78000 	/usr/lib/system/liblaunch.dylib
0x0000000019f78000 	/usr/lib/system/libmacho.dylib
0x0000000019f78000 	/usr/lib/system/libquarantine.dylib
0x0000000019f78000 	/usr/lib/system/libremovefile.dylib
0x0000000019f78000 	/usr/lib/system/libsystem_asl.dylib
0x0000000019f78000 	/usr/lib/system/libsystem_blocks.dylib
0x0000000019f78000 	/usr/lib/system/libsystem_c.dylib
0x0000000019f78000 	/usr/lib/system/libsystem_configuration.dylib
0x0000000019f78000 	/usr/lib/system/libsystem_coreservices.dylib
0x0000000019f78000 	/usr/lib/system/libsystem_darwin.dylib
0x0000000019f78000 	/usr/lib/system/libsystem_dnssd.dylib
0x0000000019f78000 	/usr/lib/system/libsystem_info.dylib
0x0000000019f78000 	/usr/lib/system/libsystem_m.dylib
0x0000000019f78000 	/usr/lib/system/libsystem_malloc.dylib
0x0000000019f78000 	/usr/lib/system/libsystem_networkextension.dylib
0x0000000019f78000 	/usr/lib/system/libsystem_notify.dylib
0x0000000019f78000 	/usr/lib/system/libsystem_sandbox.dylib
0x0000000019f78000 	/usr/lib/system/libsystem_secinit.dylib
0x0000000019f78000 	/usr/lib/system/libsystem_kernel.dylib
0x0000000019f78000 	/usr/lib/system/libsystem_platform.dylib
0x0000000019f78000 	/usr/lib/system/libsystem_pthread.dylib
0x0000000019f78000 	/usr/lib/system/libsystem_symptoms.dylib
0x0000000019f78000 	/usr/lib/system/libsystem_trace.dylib
0x0000000019f78000 	/usr/lib/system/libunwind.dylib
0x0000000019f78000 	/usr/lib/system/libxpc.dylib
0x0000000019f78000 	/usr/lib/libbsm.0.dylib
0x0000000019f78000 	/usr/lib/system/libkxld.dylib
0x0000000019f78000 	/System/Library/PrivateFrameworks/AppleFSCompression.framework/Versions/A/AppleFSCompression
0x0000000019f78000 	/usr/lib/libOpenScriptingUtil.dylib
0x0000000019f78000 	/usr/lib/libcoretls.dylib
0x0000000019f78000 	/usr/lib/libcoretls_cfhelpers.dylib
0x0000000019f78000 	/usr/lib/libpam.2.dylib
0x0000000019f78000 	/usr/lib/libsqlite3.dylib
0x0000000019f78000 	/usr/lib/libxar.1.dylib
0x0000000019f78000 	/usr/lib/libbz2.1.0.dylib
0x0000000019f78000 	/usr/lib/liblzma.5.dylib
0x0000000019f78000 	/usr/lib/libnetwork.dylib
0x0000000019f78000 	/usr/lib/libapple_nghttp2.dylib
0x0000000019f78000 	/usr/lib/libpcap.A.dylib
0x0000000019f78000 	/System/Library/Frameworks/CoreServices.framework/Versions/A/Frameworks/FSEvents.framework/Versions/A/FSEvents
0x0000000019f78000 	/System/Library/Frameworks/CoreServices.framework/Versions/A/Frameworks/CarbonCore.framework/Versions/A/CarbonCore
0x0000000019f78000 	/System/Library/Frameworks/CoreServices.framework/Versions/A/Frameworks/Metadata.framework/Versions/A/Metadata
0x0000000019f78000 	/System/Library/Frameworks/CoreServices.framework/Versions/A/Frameworks/OSServices.framework/Versions/A/OSServices
0x0000000019f78000 	/System/Library/Frameworks/CoreServices.framework/Versions/A/Frameworks/SearchKit.framework/Versions/A/SearchKit
0x0000000019f78000 	/System/Library/Frameworks/CoreServices.framework/Versions/A/Frameworks/AE.framework/Versions/A/AE
0x0000000019f78000 	/System/Library/Frameworks/CoreServices.framework/Versions/A/Frameworks/LaunchServices.framework/Versions/A/LaunchServices
0x0000000019f78000 	/System/Library/Frameworks/CoreServices.framework/Versions/A/Frameworks/DictionaryServices.framework/Versions/A/DictionaryServices
0x0000000019f78000 	/System/Library/Frameworks/CoreServices.framework/Versions/A/Frameworks/SharedFileList.framework/Versions/A/SharedFileList
0x0000000019f78000 	/System/Library/Frameworks/NetFS.framework/Versions/A/NetFS
0x0000000019f78000 	/System/Library/PrivateFrameworks/NetAuth.framework/Versions/A/NetAuth
0x0000000019f78000 	/System/Library/PrivateFrameworks/login.framework/Versions/A/Frameworks/loginsupport.framework/Versions/A/loginsupport
0x0000000019f78000 	/System/Library/PrivateFrameworks/TCC.framework/Versions/A/TCC
0x0000000019f78000 	/System/Library/PrivateFrameworks/CoreNLP.framework/Versions/A/CoreNLP
0x0000000019f78000 	/System/Library/PrivateFrameworks/MetadataUtilities.framework/Versions/A/MetadataUtilities
0x0000000019f78000 	/usr/lib/libmecabra.dylib
0x0000000019f78000 	/System/Library/Frameworks/ApplicationServices.framework/Versions/A/Frameworks/ATS.framework/Versions/A/ATS
0x0000000019f78000 	/System/Library/Frameworks/ApplicationServices.framework/Versions/A/Frameworks/ColorSyncLegacy.framework/Versions/A/ColorSyncLegacy
0x0000000019f78000 	/System/Library/Frameworks/ApplicationServices.framework/Versions/A/Frameworks/HIServices.framework/Versions/A/HIServices
0x0000000019f78000 	/System/Library/Frameworks/ApplicationServices.framework/Versions/A/Frameworks/LangAnalysis.framework/Versions/A/LangAnalysis
0x0000000019f78000 	/System/Library/Frameworks/ApplicationServices.framework/Versions/A/Frameworks/PrintCore.framework/Versions/A/PrintCore
0x0000000019f78000 	/System/Library/Frameworks/ApplicationServices.framework/Versions/A/Frameworks/QD.framework/Versions/A/QD
0x0000000019f78000 	/System/Library/Frameworks/ApplicationServices.framework/Versions/A/Frameworks/SpeechSynthesis.framework/Versions/A/SpeechSynthesis
0x0000000019f78000 	/usr/lib/libcompression.dylib
0x0000000019f78000 	/System/Library/Frameworks/CoreDisplay.framework/Versions/A/CoreDisplay
0x0000000019f78000 	/System/Library/Frameworks/MetalPerformanceShaders.framework/Versions/A/MetalPerformanceShaders
0x0000000019f78000 	/System/Library/Frameworks/Accelerate.framework/Versions/A/Frameworks/vImage.framework/Versions/A/vImage
0x0000000019f78000 	/System/Library/Frameworks/Accelerate.framework/Versions/A/Frameworks/vecLib.framework/Versions/A/vecLib
0x0000000019f78000 	/System/Library/Frameworks/Accelerate.framework/Versions/A/Frameworks/vecLib.framework/Versions/A/libvMisc.dylib
0x0000000019f78000 	/System/Library/Frameworks/Accelerate.framework/Versions/A/Frameworks/vecLib.framework/Versions/A/libvDSP.dylib
0x0000000019f78000 	/System/Library/Frameworks/Accelerate.framework/Versions/A/Frameworks/vecLib.framework/Versions/A/libBLAS.dylib
0x0000000019f78000 	/System/Library/Frameworks/Accelerate.framework/Versions/A/Frameworks/vecLib.framework/Versions/A/libLAPACK.dylib
0x0000000019f78000 	/System/Library/Frameworks/Accelerate.framework/Versions/A/Frameworks/vecLib.framework/Versions/A/libLinearAlgebra.dylib
0x0000000019f78000 	/System/Library/Frameworks/Accelerate.framework/Versions/A/Frameworks/vecLib.framework/Versions/A/libSparseBLAS.dylib
0x0000000019f78000 	/System/Library/Frameworks/Accelerate.framework/Versions/A/Frameworks/vecLib.framework/Versions/A/libQuadrature.dylib
0x0000000019f78000 	/System/Library/Frameworks/Accelerate.framework/Versions/A/Frameworks/vecLib.framework/Versions/A/libBNNS.dylib
0x0000000019f78000 	/System/Library/Frameworks/Accelerate.framework/Versions/A/Frameworks/vecLib.framework/Versions/A/libSparse.dylib
0x0000000019f78000 	/System/Library/PrivateFrameworks/GPUWrangler.framework/Versions/A/GPUWrangler
0x0000000019f78000 	/System/Library/PrivateFrameworks/IOAccelerator.framework/Versions/A/IOAccelerator
0x0000000019f78000 	/System/Library/PrivateFrameworks/IOPresentment.framework/Versions/A/IOPresentment
0x0000000019f78000 	/System/Library/PrivateFrameworks/DSExternalDisplay.framework/Versions/A/DSExternalDisplay
0x0000000019f78000 	/System/Library/Frameworks/OpenGL.framework/Versions/A/Libraries/libCoreFSCache.dylib
0x0000000019f78000 	/System/Library/Frameworks/MetalPerformanceShaders.framework/Frameworks/MPSCore.framework/Versions/A/MPSCore
0x0000000019f78000 	/System/Library/Frameworks/MetalPerformanceShaders.framework/Frameworks/MPSImage.framework/Versions/A/MPSImage
0x0000000019f78000 	/System/Library/Frameworks/MetalPerformanceShaders.framework/Frameworks/MPSNeuralNetwork.framework/Versions/A/MPSNeuralNetwork
0x0000000019f78000 	/System/Library/Frameworks/MetalPerformanceShaders.framework/Frameworks/MPSMatrix.framework/Versions/A/MPSMatrix
0x0000000019f78000 	/System/Library/Frameworks/MetalPerformanceShaders.framework/Frameworks/MPSRayIntersector.framework/Versions/A/MPSRayIntersector
0x0000000019f78000 	/System/Library/PrivateFrameworks/MetalTools.framework/Versions/A/MetalTools
0x0000000019f78000 	/System/Library/PrivateFrameworks/AggregateDictionary.framework/Versions/A/AggregateDictionary
0x0000000019f78000 	/usr/lib/libMobileGestalt.dylib
0x0000000019f78000 	/System/Library/Frameworks/CoreVideo.framework/Versions/A/CoreVideo
0x0000000019f78000 	/System/Library/PrivateFrameworks/GraphVisualizer.framework/Versions/A/GraphVisualizer
0x0000000019f78000 	/System/Library/PrivateFrameworks/FaceCore.framework/Versions/A/FaceCore
0x0000000019f78000 	/System/Library/Frameworks/OpenCL.framework/Versions/A/OpenCL
0x0000000019f78000 	/usr/lib/libFosl_dynamic.dylib
0x0000000019f78000 	/System/Library/PrivateFrameworks/OTSVG.framework/Versions/A/OTSVG
0x0000000019f78000 	/System/Library/Frameworks/ApplicationServices.framework/Versions/A/Frameworks/ATS.framework/Versions/A/Resources/libFontParser.dylib
0x0000000019f78000 	/System/Library/Frameworks/ApplicationServices.framework/Versions/A/Frameworks/ATS.framework/Versions/A/Resources/libFontRegistry.dylib
0x0000000019f78000 	/System/Library/Frameworks/ImageIO.framework/Versions/A/Resources/libJPEG.dylib
0x0000000019f78000 	/System/Library/Frameworks/ImageIO.framework/Versions/A/Resources/libTIFF.dylib
0x0000000019f78000 	/System/Library/Frameworks/ImageIO.framework/Versions/A/Resources/libPng.dylib
0x0000000019f78000 	/System/Library/Frameworks/ImageIO.framework/Versions/A/Resources/libGIF.dylib
0x0000000019f78000 	/System/Library/Frameworks/ImageIO.framework/Versions/A/Resources/libJP2.dylib
0x0000000019f78000 	/System/Library/Frameworks/ImageIO.framework/Versions/A/Resources/libRadiance.dylib
0x0000000019f78000 	/System/Library/PrivateFrameworks/AppleJPEG.framework/Versions/A/AppleJPEG
0x0000000019f78000 	/System/Library/Frameworks/OpenGL.framework/Versions/A/Libraries/libGFXShared.dylib
0x0000000019f78000 	/System/Library/Frameworks/OpenGL.framework/Versions/A/Libraries/libGLU.dylib
0x0000000019f78000 	/System/Library/Frameworks/OpenGL.framework/Versions/A/Libraries/libGL.dylib
0x0000000019f78000 	/System/Library/Frameworks/OpenGL.framework/Versions/A/Libraries/libGLImage.dylib
0x0000000019f78000 	/System/Library/Frameworks/OpenGL.framework/Versions/A/Libraries/libCVMSPluginSupport.dylib
0x0000000019f78000 	/System/Library/Frameworks/OpenGL.framework/Versions/A/Libraries/libCoreVMClient.dylib
0x0000000019f78000 	/usr/lib/libcups.2.dylib
0x0000000019f78000 	/System/Library/Frameworks/Kerberos.framework/Versions/A/Kerberos
0x0000000019f78000 	/System/Library/Frameworks/GSS.framework/Versions/A/GSS
0x0000000019f78000 	/usr/lib/libresolv.9.dylib
0x0000000019f78000 	/usr/lib/libiconv.2.dylib
0x0000000019f78000 	/System/Library/PrivateFrameworks/Heimdal.framework/Versions/A/Heimdal
0x0000000019f78000 	/usr/lib/libheimdal-asn1.dylib
0x0000000019f78000 	/System/Library/Frameworks/OpenDirectory.framework/Versions/A/OpenDirectory
0x0000000019f78000 	/System/Library/PrivateFrameworks/CommonAuth.framework/Versions/A/CommonAuth
0x0000000019f78000 	/System/Library/Frameworks/OpenDirectory.framework/Versions/A/Frameworks/CFOpenDirectory.framework/Versions/A/CFOpenDirectory
0x0000000019f78000 	/System/Library/Frameworks/SecurityFoundation.framework/Versions/A/SecurityFoundation
0x0000000019f78000 	/System/Library/PrivateFrameworks/APFS.framework/Versions/A/APFS
0x0000000019f78000 	/usr/lib/libutil.dylib
0x0000000019f78000 	/usr/lib/libcharset.1.dylib
0x0000000019f78000 	/System/Library/PrivateFrameworks/AppleSauce.framework/Versions/A/AppleSauce
0x0000000019f78000 	/System/Library/PrivateFrameworks/AssertionServices.framework/Versions/A/AssertionServices
0x0000000019f78000 	/System/Library/PrivateFrameworks/BaseBoard.framework/Versions/A/BaseBoard
0x0000000019f78000 	/usr/lib/libmecab.1.0.0.dylib
0x0000000019f78000 	/usr/lib/libgermantok.dylib
0x0000000019f78000 	/usr/lib/libThaiTokenizer.dylib
0x0000000019f78000 	/usr/lib/libChineseTokenizer.dylib
0x0000000019f78000 	/System/Library/PrivateFrameworks/LanguageModeling.framework/Versions/A/LanguageModeling
0x0000000019f78000 	/System/Library/PrivateFrameworks/CoreEmoji.framework/Versions/A/CoreEmoji
0x0000000019f78000 	/System/Library/PrivateFrameworks/Lexicon.framework/Versions/A/Lexicon
0x0000000019f78000 	/System/Library/PrivateFrameworks/LinguisticData.framework/Versions/A/LinguisticData
0x0000000019f78000 	/usr/lib/libcmph.dylib
0x0000000019f78000 	/System/Library/Frameworks/ServiceManagement.framework/Versions/A/ServiceManagement
0x0000000019f78000 	/System/Library/PrivateFrameworks/BackgroundTaskManagement.framework/Versions/A/BackgroundTaskManagement
0x0000000019f78000 	/usr/lib/libxslt.1.dylib
0x0000000019f78000 	/System/Library/Frameworks/Carbon.framework/Versions/A/Frameworks/Ink.framework/Versions/A/Ink
0x0000000019f78000 	/System/Library/PrivateFrameworks/TextureIO.framework/Versions/A/TextureIO
0x0000000019f78000 	/usr/lib/libate.dylib
0x0000000019f78000 	/System/Library/PrivateFrameworks/CrashReporterSupport.framework/Versions/A/CrashReporterSupport
0x0000000019f78000 	/System/Library/PrivateFrameworks/Sharing.framework/Versions/A/Sharing
0x0000000019f78000 	/System/Library/PrivateFrameworks/AuthKit.framework/Versions/A/AuthKit
0x0000000019f78000 	/System/Library/PrivateFrameworks/Apple80211.framework/Versions/A/Apple80211
0x0000000019f78000 	/System/Library/PrivateFrameworks/CoreUtils.framework/Versions/A/CoreUtils
0x0000000019f78000 	/System/Library/Frameworks/CoreWLAN.framework/Versions/A/CoreWLAN
0x0000000019f78000 	/System/Library/Frameworks/IOBluetooth.framework/Versions/A/IOBluetooth
0x0000000019f78000 	/System/Library/PrivateFrameworks/ProtocolBuffer.framework/Versions/A/ProtocolBuffer
0x0000000019f78000 	/System/Library/PrivateFrameworks/MobileKeyBag.framework/Versions/A/MobileKeyBag
0x0000000019f78000 	/System/Library/PrivateFrameworks/CorePhoneNumbers.framework/Versions/A/CorePhoneNumbers
0x0000000019f78000 	/System/Library/PrivateFrameworks/AppleIDAuthSupport.framework/Versions/A/AppleIDAuthSupport
0x0000000019f78000 	/System/Library/PrivateFrameworks/KeychainCircle.framework/Versions/A/KeychainCircle
0x0000000019f78000 	/System/Library/PrivateFrameworks/ROCKit.framework/Versions/A/ROCKit
0x0000000019f78000 	/System/Library/PrivateFrameworks/CoreWiFi.framework/Versions/A/CoreWiFi
0x0000000019f78000 	/System/Library/Frameworks/CoreBluetooth.framework/Versions/A/CoreBluetooth
0x0000000019f78000 	/System/Library/PrivateFrameworks/DebugSymbols.framework/Versions/A/DebugSymbols
0x0000000019f78000 	/System/Library/PrivateFrameworks/CoreSymbolication.framework/Versions/A/CoreSymbolication
0x0000000019f78000 	/System/Library/PrivateFrameworks/Symbolication.framework/Versions/A/Symbolication
0x0000000019f78000 	/System/Library/PrivateFrameworks/SpeechRecognitionCore.framework/Versions/A/SpeechRecognitionCore
0x000000010b200000 	/Library/Java/JavaVirtualMachines/jdk1.8.0_121.jdk/Contents/Home/jre/lib/server/libjvm.dylib
0x0000000019f78000 	/usr/lib/libstdc++.6.dylib
0x000000010a897000 	/Library/Java/JavaVirtualMachines/jdk1.8.0_121.jdk/Contents/Home/jre/lib/libverify.dylib
0x000000010a8a5000 	/Library/Java/JavaVirtualMachines/jdk1.8.0_121.jdk/Contents/Home/jre/lib/libjava.dylib
0x000000010a924000 	/Library/Java/JavaVirtualMachines/jdk1.8.0_121.jdk/Contents/Home/jre/lib/libzip.dylib
0x0000000019f78000 	/System/Library/Frameworks/JavaVM.framework/Versions/A/Frameworks/JavaRuntimeSupport.framework/Versions/A/JavaRuntimeSupport
0x0000000019f78000 	/System/Library/Frameworks/JavaVM.framework/Versions/A/Frameworks/JavaNativeFoundation.framework/Versions/A/JavaNativeFoundation
0x0000000019f78000 	/System/Library/Frameworks/JavaVM.framework/Versions/A/JavaVM
0x0000000019f78000 	/System/Library/Frameworks/Carbon.framework/Versions/A/Carbon
0x0000000019f78000 	/System/Library/PrivateFrameworks/JavaLaunching.framework/Versions/A/JavaLaunching
0x0000000019f78000 	/System/Library/Frameworks/Carbon.framework/Versions/A/Frameworks/CommonPanels.framework/Versions/A/CommonPanels
0x0000000019f78000 	/System/Library/Frameworks/Carbon.framework/Versions/A/Frameworks/Help.framework/Versions/A/Help
0x0000000019f78000 	/System/Library/Frameworks/Carbon.framework/Versions/A/Frameworks/ImageCapture.framework/Versions/A/ImageCapture
0x0000000019f78000 	/System/Library/Frameworks/Carbon.framework/Versions/A/Frameworks/OpenScripting.framework/Versions/A/OpenScripting
0x0000000019f78000 	/System/Library/Frameworks/Carbon.framework/Versions/A/Frameworks/Print.framework/Versions/A/Print
0x0000000019f78000 	/System/Library/Frameworks/Carbon.framework/Versions/A/Frameworks/SecurityHI.framework/Versions/A/SecurityHI
0x0000000114912000 	/Library/Java/JavaVirtualMachines/jdk1.8.0_121.jdk/Contents/Home/jre/lib/libawt.dylib
0x0000000114a1c000 	/Library/Java/JavaVirtualMachines/jdk1.8.0_121.jdk/Contents/Home/jre/lib/./libmlib_image.dylib
0x0000000114ae8000 	/Library/Java/JavaVirtualMachines/jdk1.8.0_121.jdk/Contents/Home/jre/lib/libawt_lwawt.dylib
0x0000000114b9f000 	/Library/Java/JavaVirtualMachines/jdk1.8.0_121.jdk/Contents/Home/jre/lib/./libosxapp.dylib
0x0000000019f78000 	/System/Library/Frameworks/ExceptionHandling.framework/Versions/A/ExceptionHandling
0x0000000019f78000 	/System/Library/PrivateFrameworks/CoreServicesInternal.framework/Versions/A/CoreServicesInternal
0x0000000019f78000 	/System/Library/CoreServices/RawCamera.bundle/Contents/MacOS/RawCamera
0x0000000019f78000 	/System/Library/PrivateFrameworks/MobileAsset.framework/Versions/A/MobileAsset
0x0000000019f78000 	/System/Library/PrivateFrameworks/StreamingZip.framework/Versions/A/StreamingZip
0x0000000019f78000 	/System/Library/Frameworks/MediaToolbox.framework/Versions/A/MediaToolbox
0x0000000019f78000 	/System/Library/PrivateFrameworks/CoreAVCHD.framework/Versions/A/CoreAVCHD
0x0000000019f78000 	/System/Library/Frameworks/MediaAccessibility.framework/Versions/A/MediaAccessibility
0x0000000019f78000 	/System/Library/PrivateFrameworks/Mangrove.framework/Versions/A/Mangrove
0x0000000019f78000 	/System/Library/Frameworks/CoreMedia.framework/Versions/A/CoreMedia
0x0000000019f78000 	/System/Library/Frameworks/VideoToolbox.framework/Versions/A/VideoToolbox
0x0000000019f78000 	/System/Library/PrivateFrameworks/CoreAUC.framework/Versions/A/CoreAUC
0x0000000019f78000 	/usr/lib/libspindump.dylib
0x0000000019f78000 	/System/Library/PrivateFrameworks/AppleVA.framework/Versions/A/AppleVA
0x0000000019f78000 	/System/Library/Frameworks/Accelerate.framework/Versions/A/Frameworks/vImage.framework/Versions/A/Libraries/libCGInterfaces.dylib
0x0000000019f78000 	/System/Library/Frameworks/ApplicationServices.framework/Versions/A/Frameworks/ATS.framework/Versions/A/Resources/libTrueTypeScaler.dylib
0x0000000019f78000 	/System/Library/Extensions/AppleIntelSKLGraphicsMTLDriver.bundle/Contents/MacOS/AppleIntelSKLGraphicsMTLDriver
0x0000000019f78000 	/System/Library/PrivateFrameworks/GPUCompiler.framework/Versions/3902/Libraries/libmetal_timestamp.dylib
0x0000000019f78000 	/System/Library/PrivateFrameworks/FamilyControls.framework/Versions/A/FamilyControls
0x0000000019f78000 	/System/Library/PrivateFrameworks/CommerceKit.framework/Versions/A/Frameworks/CommerceCore.framework/Versions/A/CommerceCore
0x0000000019f78000 	/System/Library/PrivateFrameworks/SystemAdministration.framework/Versions/A/SystemAdministration
0x0000000019f78000 	/System/Library/PrivateFrameworks/AppContainer.framework/Versions/A/AppContainer
0x0000000019f78000 	/System/Library/PrivateFrameworks/AppSandbox.framework/Versions/A/AppSandbox
0x0000000019f78000 	/System/Library/PrivateFrameworks/SecCodeWrapper.framework/Versions/A/SecCodeWrapper
0x0000000019f78000 	/usr/lib/libsandbox.1.dylib
0x0000000019f78000 	/usr/lib/libMatch.1.dylib
0x0000000019f78000 	/System/Library/PrivateFrameworks/DiskManagement.framework/Versions/A/DiskManagement
0x0000000019f78000 	/System/Library/Frameworks/DirectoryService.framework/Versions/A/DirectoryService
0x0000000019f78000 	/System/Library/PrivateFrameworks/DiskImages.framework/Versions/A/DiskImages
0x0000000019f78000 	/System/Library/PrivateFrameworks/LoginUIKit.framework/Versions/A/Frameworks/LoginUICore.framework/Versions/A/LoginUICore
0x0000000019f78000 	/usr/lib/libCoreStorage.dylib
0x0000000019f78000 	/usr/lib/libcsfde.dylib
0x0000000019f78000 	/usr/lib/libodfde.dylib
0x0000000019f78000 	/System/Library/PrivateFrameworks/MediaKit.framework/Versions/A/MediaKit
0x0000000019f78000 	/System/Library/Frameworks/DiscRecording.framework/Versions/A/DiscRecording
0x0000000019f78000 	/System/Library/PrivateFrameworks/EFILogin.framework/Versions/A/EFILogin
0x0000000019f78000 	/System/Library/PrivateFrameworks/ProtectedCloudStorage.framework/Versions/A/ProtectedCloudStorage
0x0000000019f78000 	/usr/lib/libcurl.4.dylib
0x0000000019f78000 	/usr/lib/libcrypto.42.dylib
0x0000000019f78000 	/usr/lib/libssl.44.dylib
0x0000000019f78000 	/System/Library/Frameworks/LDAP.framework/Versions/A/LDAP
0x0000000019f78000 	/System/Library/PrivateFrameworks/TrustEvaluationAgent.framework/Versions/A/TrustEvaluationAgent
0x0000000019f78000 	/usr/lib/libsasl2.2.dylib
0x0000000019f78000 	/System/Library/PrivateFrameworks/CoreDaemon.framework/Versions/B/CoreDaemon
0x0000000019f78000 	/System/Library/PrivateFrameworks/AppleSRP.framework/Versions/A/AppleSRP
0x0000000019f78000 	/System/Library/PrivateFrameworks/ViewBridge.framework/Versions/A/ViewBridge
0x0000000114687000 	/usr/lib/libobjc-trampolines.dylib
0x000000012641c000 	/Library/Java/JavaVirtualMachines/jdk1.8.0_121.jdk/Contents/Home/jre/lib/libfontmanager.dylib
0x0000000114717000 	/Library/Java/JavaVirtualMachines/jdk1.8.0_121.jdk/Contents/Home/jre/lib/libosxui.dylib
0x0000000019f78000 	/System/Library/Frameworks/OpenGL.framework/Versions/A/Resources/GLEngine.bundle/GLEngine
0x0000000019f78000 	/System/Library/Frameworks/OpenGL.framework/Versions/A/Libraries/libGLProgrammability.dylib
0x0000000019f78000 	/System/Library/Extensions/AppleIntelSKLGraphicsGLDriver.bundle/Contents/MacOS/AppleIntelSKLGraphicsGLDriver
0x0000000019f78000 	/System/Library/PrivateFrameworks/GPUSupport.framework/Versions/A/Libraries/libGPUSupportMercury.dylib
0x0000000019f78000 	/System/Library/Frameworks/OpenGL.framework/Versions/A/Resources/GLRendererFloat.bundle/GLRendererFloat
0x0000000019f78000 	/System/Library/Frameworks/OpenCL.framework/Versions/A/Libraries/libcldcpuengine.dylib
0x0000000019f78000 	/usr/lib/libcrypto.35.dylib
0x0000000127b14000 	/Users/ahmedkhalaf/Downloads/LeapDeveloperKit_2.3.1+31549_mac 2/LeapSDK/lib/libLeapJava.dylib
0x0000000127b6d000 	/Users/ahmedkhalaf/Downloads/LeapDeveloperKit_2.3.1+31549_mac 2/LeapSDK/lib/libLeap.dylib
0x0000000127c7f000 	/Library/Java/JavaVirtualMachines/jdk1.8.0_121.jdk/Contents/Home/jre/lib/libnet.dylib
0x0000000127c96000 	/Library/Java/JavaVirtualMachines/jdk1.8.0_121.jdk/Contents/Home/jre/lib/libnio.dylib
0x0000000127ca6000 	/private/var/folders/wj/16n869_j6zn8l774thryzgfw0000gn/T/jogamp_0000/file_cache/jln1845214395666501642/jln2854349176200050069/libgluegen-rt.jnilib
0x0000000127caa000 	/private/var/folders/wj/16n869_j6zn8l774thryzgfw0000gn/T/jogamp_0000/file_cache/jln1845214395666501642/jln2854349176200050069/libnativewindow_awt.jnilib
0x0000000127cad000 	/Library/Java/JavaVirtualMachines/jdk1.8.0_121.jdk/Contents/Home/jre/lib/libjawt.dylib
0x0000000127cb0000 	/private/var/folders/wj/16n869_j6zn8l774thryzgfw0000gn/T/jogamp_0000/file_cache/jln1845214395666501642/jln2854349176200050069/libnativewindow_macosx.jnilib
0x0000000128177000 	/private/var/folders/wj/16n869_j6zn8l774thryzgfw0000gn/T/jogamp_0000/file_cache/jln1845214395666501642/jln2854349176200050069/libjogl_desktop.jnilib
0x00000001148a4000 	/Library/Java/JavaVirtualMachines/jdk1.8.0_121.jdk/Contents/Home/jre/lib/libsunec.dylib
0x0000000019f78000 	/System/Library/PrivateFrameworks/login.framework/Versions/A/login
0x000000012877e000 	/private/var/folders/wj/16n869_j6zn8l774thryzgfw0000gn/T/libmyo.jnilib
0x0000000164e4c000 	/private/var/folders/wj/16n869_j6zn8l774thryzgfw0000gn/T/myo.framework/Versions/A/myo

VM Arguments:
jvm_args: -Djava.library.path=/Users/ahmedkhalaf/Downloads/LeapDeveloperKit_2.3.1+31549_mac 2/LeapSDK/lib -Dfile.encoding=UTF-8 
java_command: urssimulationmapinterface.URSSimulationMapInterface
java_class_path (initial): /Library/Java/JavaVirtualMachines/jdk1.8.0_121.jdk/Contents/Home/jre/lib/resources.jar:/Library/Java/JavaVirtualMachines/jdk1.8.0_121.jdk/Contents/Home/jre/lib/rt.jar:/Library/Java/JavaVirtualMachines/jdk1.8.0_121.jdk/Contents/Home/jre/lib/jsse.jar:/Library/Java/JavaVirtualMachines/jdk1.8.0_121.jdk/Contents/Home/jre/lib/jce.jar:/Library/Java/JavaVirtualMachines/jdk1.8.0_121.jdk/Contents/Home/jre/lib/charsets.jar:/Library/Java/JavaVirtualMachines/jdk1.8.0_121.jdk/Contents/Home/jre/lib/jfr.jar:/Library/Java/JavaVirtualMachines/jdk1.8.0_121.jdk/Contents/Home/jre/lib/ext/sunec.jar:/Library/Java/JavaVirtualMachines/jdk1.8.0_121.jdk/Contents/Home/jre/lib/ext/nashorn.jar:/Library/Java/JavaVirtualMachines/jdk1.8.0_121.jdk/Contents/Home/jre/lib/ext/cldrdata.jar:/Library/Java/JavaVirtualMachines/jdk1.8.0_121.jdk/Contents/Home/jre/lib/ext/jfxrt.jar:/Library/Java/JavaVirtualMachines/jdk1.8.0_121.jdk/Contents/Home/jre/lib/ext/dnsns.jar:/Library/Java/JavaVirtualMachines/jdk1.8.0_121.jdk/Contents/Home/jre/lib/ext/localedata.jar:/Library/Java/JavaVirtualMachines/jdk1.8.0_121.jdk/Contents/Home/jre/lib/ext/sunjce_provider.jar:/Library/Java/JavaVirtualMachines/jdk1.8.0_121.jdk/Contents/Home/jre/lib/ext/sunpkcs11.jar:/Library/Java/JavaVirtualMachines/jdk1.8.0_121.jdk/Contents/Home/jre/lib/ext/jaccess.jar:/Library/Java/JavaVirtualMachines/jdk1.8.0_121.jdk/Contents/Home/jre/lib/ext/zipfs.jar:/System/Library/Java/Extensions/MRJToolkit.jar:/Users/ahmedkhalaf/Desktop/URSInterface/URSSimMapInterface/jRosBridge/URSSimulationMapInterface/bin:/Users/ahmedkhalaf/Desktop/URSInterface/URSSimMapInterface/jRosBridge/URSSimulationMapInterface/lib/gdal.jar:/Users/ahmedkhalaf/Desktop/URSInterface/URSSimMapInterface/jRosBridge/URSSimulationMapInterface/lib/gluegen-rt-natives-linux-amd64.jar:/Users/ahmedkhalaf/Desktop/URSInterface/URSSimMapInterface/jRosBridge/URSSimulationMapInterface/lib/gluegen-rt-natives-linux-i586.jar:/Users/ahmedkhalaf/Desktop/URSInterface/URSSimMapInte
Launcher Type: SUN_STANDARD

Environment Variables:
PATH=/usr/bin:/bin:/usr/sbin:/sbin
SHELL=/bin/bash
DISPLAY=/private/tmp/com.apple.launchd.eYR3LHqWqn/org.macosforge.xquartz:0

Signal Handlers:
SIGSEGV: [libjvm.dylib+0x5b1141], sa_mask[0]=11111111011111110111111111111111, sa_flags=SA_ONSTACK|SA_RESTART|SA_SIGINFO
SIGBUS: [libjvm.dylib+0x5b1141], sa_mask[0]=11111111011111110111111111111111, sa_flags=SA_RESTART|SA_SIGINFO
SIGFPE: [libjvm.dylib+0x487bc4], sa_mask[0]=11111111011111110111111111111111, sa_flags=SA_RESTART|SA_SIGINFO
SIGPIPE: [libjvm.dylib+0x487bc4], sa_mask[0]=11111111011111110111111111111111, sa_flags=SA_RESTART|SA_SIGINFO
SIGXFSZ: [libjvm.dylib+0x487bc4], sa_mask[0]=11111111011111110111111111111111, sa_flags=SA_RESTART|SA_SIGINFO
SIGILL: [libjvm.dylib+0x487bc4], sa_mask[0]=11111111011111110111111111111111, sa_flags=SA_RESTART|SA_SIGINFO
SIGUSR1: SIG_DFL, sa_mask[0]=00000000000000000000000000000000, sa_flags=none
SIGUSR2: [libjvm.dylib+0x4876e2], sa_mask[0]=00100000000000000000000000000000, sa_flags=SA_RESTART|SA_SIGINFO
SIGHUP: [libjvm.dylib+0x485cb9], sa_mask[0]=11111111011111110111111111111111, sa_flags=SA_RESTART|SA_SIGINFO
SIGINT: [libjvm.dylib+0x485cb9], sa_mask[0]=11111111011111110111111111111111, sa_flags=SA_RESTART|SA_SIGINFO
SIGTERM: [libjvm.dylib+0x485cb9], sa_mask[0]=11111111011111110111111111111111, sa_flags=SA_RESTART|SA_SIGINFO
SIGQUIT: [libjvm.dylib+0x485cb9], sa_mask[0]=11111111011111110111111111111111, sa_flags=SA_RESTART|SA_SIGINFO


---------------  S Y S T E M  ---------------

OS:Bsduname:Darwin 18.2.0 Darwin Kernel Version 18.2.0: Mon Nov 12 20:24:46 PST 2018; root:xnu-4903.231.4~2/RELEASE_X86_64 x86_64
rlimit: STACK 8192k, CORE 0k, NPROC 709, NOFILE 10240, AS infinity
load average:2.54 1.91 1.92

CPU:total 4 (2 cores per cpu, 2 threads per core) family 6 model 78 stepping 3, cmov, cx8, fxsr, mmx, sse, sse2, sse3, ssse3, sse4.1, sse4.2, popcnt, avx, avx2, aes, clmul, erms, 3dnowpref, lzcnt, ht, tsc, tscinvbit, bmi1, bmi2, adx

Memory: 4k page, physical 8388608k(182512k free)

/proc/meminfo:


vm_info: Java HotSpot(TM) 64-Bit Server VM (25.121-b13) for bsd-amd64 JRE (1.8.0_121-b13), built on Dec 12 2016 20:39:32 by "java_re" with gcc 4.2.1 (Based on Apple Inc. build 5658) (LLVM build 2336.11.00)

time: Sun Apr  7 17:21:33 2019
elapsed time: 31 seconds (0d 0h 0m 31s)

